[0.012s] Invoking command in '/home/joselu15/Escritorio/Uni/p1_adr_jlmr/build/interfaces': CMAKE_PREFIX_PATH=/opt/ros/humble /usr/bin/cmake --build /home/joselu15/Escritorio/Uni/p1_adr_jlmr/build/interfaces -- -j12 -l12
[0.051s] [35m[1mConsolidate compiler generated dependencies of target interfaces__rosidl_generator_c[0m
[0.060s] [  2%] Built target interfaces__cpp
[0.061s] [ 12%] Built target interfaces__rosidl_generator_c
[0.072s] [35m[1mConsolidate compiler generated dependencies of target interfaces__rosidl_typesupport_fastrtps_cpp[0m
[0.072s] [35m[1mConsolidate compiler generated dependencies of target interfaces__rosidl_typesupport_cpp[0m
[0.073s] [35m[1mConsolidate compiler generated dependencies of target interfaces__rosidl_typesupport_c[0m
[0.073s] [ 12%] Built target ament_cmake_python_copy_interfaces
[0.075s] [35m[1mConsolidate compiler generated dependencies of target interfaces__rosidl_typesupport_introspection_cpp[0m
[0.077s] [35m[1mConsolidate compiler generated dependencies of target interfaces__rosidl_typesupport_introspection_c[0m
[0.077s] [35m[1mConsolidate compiler generated dependencies of target interfaces__rosidl_typesupport_fastrtps_c[0m
[0.087s] [ 23%] Built target interfaces__rosidl_typesupport_c
[0.089s] [ 33%] Built target interfaces__rosidl_typesupport_fastrtps_cpp
[0.091s] [ 43%] Built target interfaces__rosidl_typesupport_cpp
[0.092s] [ 53%] Built target interfaces__rosidl_typesupport_introspection_cpp
[0.094s] [ 64%] Built target interfaces__rosidl_typesupport_introspection_c
[0.096s] [ 74%] Built target interfaces__rosidl_typesupport_fastrtps_c
[0.114s] [ 74%] Built target interfaces
[0.134s] [ 76%] Built target interfaces__py
[0.144s] [35m[1mConsolidate compiler generated dependencies of target interfaces__rosidl_generator_py[0m
[0.156s] [ 84%] Built target interfaces__rosidl_generator_py
[0.166s] [35m[1mConsolidate compiler generated dependencies of target interfaces__rosidl_typesupport_c__pyext[0m
[0.166s] [35m[1mConsolidate compiler generated dependencies of target interfaces__rosidl_typesupport_fastrtps_c__pyext[0m
[0.167s] [35m[1mConsolidate compiler generated dependencies of target interfaces__rosidl_typesupport_introspection_c__pyext[0m
[0.179s] [100%] Built target interfaces__rosidl_typesupport_introspection_c__pyext
[0.179s] [100%] Built target interfaces__rosidl_typesupport_c__pyext
[0.179s] [100%] Built target interfaces__rosidl_typesupport_fastrtps_c__pyext
[0.304s] running egg_info
[0.305s] writing interfaces.egg-info/PKG-INFO
[0.305s] writing dependency_links to interfaces.egg-info/dependency_links.txt
[0.305s] writing top-level names to interfaces.egg-info/top_level.txt
[0.307s] reading manifest file 'interfaces.egg-info/SOURCES.txt'
[0.308s] writing manifest file 'interfaces.egg-info/SOURCES.txt'
[0.332s] [100%] Built target ament_cmake_python_build_interfaces_egg
[0.343s] Invoked command in '/home/joselu15/Escritorio/Uni/p1_adr_jlmr/build/interfaces' returned '0': CMAKE_PREFIX_PATH=/opt/ros/humble /usr/bin/cmake --build /home/joselu15/Escritorio/Uni/p1_adr_jlmr/build/interfaces -- -j12 -l12
[0.352s] Invoking command in '/home/joselu15/Escritorio/Uni/p1_adr_jlmr/build/interfaces': CMAKE_PREFIX_PATH=/opt/ros/humble /usr/bin/cmake --install /home/joselu15/Escritorio/Uni/p1_adr_jlmr/build/interfaces
[0.359s] -- Install configuration: ""
[0.359s] -- Up-to-date: /home/joselu15/Escritorio/Uni/p1_adr_jlmr/install/interfaces/share/ament_index/resource_index/rosidl_interfaces/interfaces
[0.359s] -- Up-to-date: /home/joselu15/Escritorio/Uni/p1_adr_jlmr/install/interfaces/include/interfaces/interfaces
[0.359s] -- Up-to-date: /home/joselu15/Escritorio/Uni/p1_adr_jlmr/install/interfaces/include/interfaces/interfaces/srv
[0.360s] -- Up-to-date: /home/joselu15/Escritorio/Uni/p1_adr_jlmr/install/interfaces/include/interfaces/interfaces/srv/greet.h
[0.360s] -- Up-to-date: /home/joselu15/Escritorio/Uni/p1_adr_jlmr/install/interfaces/include/interfaces/interfaces/srv/square.h
[0.360s] -- Up-to-date: /home/joselu15/Escritorio/Uni/p1_adr_jlmr/install/interfaces/include/interfaces/interfaces/srv/detail
[0.360s] -- Up-to-date: /home/joselu15/Escritorio/Uni/p1_adr_jlmr/install/interfaces/include/interfaces/interfaces/srv/detail/greet__functions.h
[0.360s] -- Up-to-date: /home/joselu15/Escritorio/Uni/p1_adr_jlmr/install/interfaces/include/interfaces/interfaces/srv/detail/square__struct.h
[0.360s] -- Up-to-date: /home/joselu15/Escritorio/Uni/p1_adr_jlmr/install/interfaces/include/interfaces/interfaces/srv/detail/square__functions.c
[0.360s] -- Up-to-date: /home/joselu15/Escritorio/Uni/p1_adr_jlmr/install/interfaces/include/interfaces/interfaces/srv/detail/greet__struct.h
[0.360s] -- Up-to-date: /home/joselu15/Escritorio/Uni/p1_adr_jlmr/install/interfaces/include/interfaces/interfaces/srv/detail/greet__type_support.h
[0.360s] -- Up-to-date: /home/joselu15/Escritorio/Uni/p1_adr_jlmr/install/interfaces/include/interfaces/interfaces/srv/detail/square__functions.h
[0.360s] -- Up-to-date: /home/joselu15/Escritorio/Uni/p1_adr_jlmr/install/interfaces/include/interfaces/interfaces/srv/detail/square__type_support.h
[0.360s] -- Up-to-date: /home/joselu15/Escritorio/Uni/p1_adr_jlmr/install/interfaces/include/interfaces/interfaces/srv/detail/greet__functions.c
[0.360s] -- Up-to-date: /home/joselu15/Escritorio/Uni/p1_adr_jlmr/install/interfaces/include/interfaces/interfaces/msg
[0.360s] -- Up-to-date: /home/joselu15/Escritorio/Uni/p1_adr_jlmr/install/interfaces/include/interfaces/interfaces/msg/rosidl_generator_c__visibility_control.h
[0.360s] -- Up-to-date: /home/joselu15/Escritorio/Uni/p1_adr_jlmr/install/interfaces/share/interfaces/environment/library_path.sh
[0.360s] -- Up-to-date: /home/joselu15/Escritorio/Uni/p1_adr_jlmr/install/interfaces/share/interfaces/environment/library_path.dsv
[0.361s] -- Up-to-date: /home/joselu15/Escritorio/Uni/p1_adr_jlmr/install/interfaces/lib/libinterfaces__rosidl_generator_c.so
[0.361s] -- Up-to-date: /home/joselu15/Escritorio/Uni/p1_adr_jlmr/install/interfaces/include/interfaces/interfaces
[0.361s] -- Up-to-date: /home/joselu15/Escritorio/Uni/p1_adr_jlmr/install/interfaces/include/interfaces/interfaces/srv
[0.361s] -- Up-to-date: /home/joselu15/Escritorio/Uni/p1_adr_jlmr/install/interfaces/include/interfaces/interfaces/srv/detail
[0.361s] -- Up-to-date: /home/joselu15/Escritorio/Uni/p1_adr_jlmr/install/interfaces/include/interfaces/interfaces/srv/detail/greet__rosidl_typesupport_fastrtps_c.h
[0.361s] -- Up-to-date: /home/joselu15/Escritorio/Uni/p1_adr_jlmr/install/interfaces/include/interfaces/interfaces/srv/detail/square__rosidl_typesupport_fastrtps_c.h
[0.361s] -- Up-to-date: /home/joselu15/Escritorio/Uni/p1_adr_jlmr/install/interfaces/include/interfaces/interfaces/msg
[0.361s] -- Up-to-date: /home/joselu15/Escritorio/Uni/p1_adr_jlmr/install/interfaces/include/interfaces/interfaces/msg/rosidl_typesupport_fastrtps_c__visibility_control.h
[0.361s] -- Up-to-date: /home/joselu15/Escritorio/Uni/p1_adr_jlmr/install/interfaces/lib/libinterfaces__rosidl_typesupport_fastrtps_c.so
[0.361s] -- Up-to-date: /home/joselu15/Escritorio/Uni/p1_adr_jlmr/install/interfaces/include/interfaces/interfaces
[0.361s] -- Up-to-date: /home/joselu15/Escritorio/Uni/p1_adr_jlmr/install/interfaces/include/interfaces/interfaces/srv
[0.361s] -- Up-to-date: /home/joselu15/Escritorio/Uni/p1_adr_jlmr/install/interfaces/include/interfaces/interfaces/srv/detail
[0.361s] -- Up-to-date: /home/joselu15/Escritorio/Uni/p1_adr_jlmr/install/interfaces/include/interfaces/interfaces/srv/detail/greet__rosidl_typesupport_introspection_c.h
[0.361s] -- Up-to-date: /home/joselu15/Escritorio/Uni/p1_adr_jlmr/install/interfaces/include/interfaces/interfaces/srv/detail/greet__type_support.c
[0.361s] -- Up-to-date: /home/joselu15/Escritorio/Uni/p1_adr_jlmr/install/interfaces/include/interfaces/interfaces/srv/detail/square__rosidl_typesupport_introspection_c.h
[0.361s] -- Up-to-date: /home/joselu15/Escritorio/Uni/p1_adr_jlmr/install/interfaces/include/interfaces/interfaces/srv/detail/square__type_support.c
[0.361s] -- Up-to-date: /home/joselu15/Escritorio/Uni/p1_adr_jlmr/install/interfaces/include/interfaces/interfaces/msg
[0.362s] -- Up-to-date: /home/joselu15/Escritorio/Uni/p1_adr_jlmr/install/interfaces/include/interfaces/interfaces/msg/rosidl_typesupport_introspection_c__visibility_control.h
[0.362s] -- Up-to-date: /home/joselu15/Escritorio/Uni/p1_adr_jlmr/install/interfaces/lib/libinterfaces__rosidl_typesupport_introspection_c.so
[0.362s] -- Up-to-date: /home/joselu15/Escritorio/Uni/p1_adr_jlmr/install/interfaces/lib/libinterfaces__rosidl_typesupport_c.so
[0.362s] -- Up-to-date: /home/joselu15/Escritorio/Uni/p1_adr_jlmr/install/interfaces/include/interfaces/interfaces
[0.362s] -- Up-to-date: /home/joselu15/Escritorio/Uni/p1_adr_jlmr/install/interfaces/include/interfaces/interfaces/srv
[0.362s] -- Up-to-date: /home/joselu15/Escritorio/Uni/p1_adr_jlmr/install/interfaces/include/interfaces/interfaces/srv/greet.hpp
[0.362s] -- Up-to-date: /home/joselu15/Escritorio/Uni/p1_adr_jlmr/install/interfaces/include/interfaces/interfaces/srv/square.hpp
[0.362s] -- Up-to-date: /home/joselu15/Escritorio/Uni/p1_adr_jlmr/install/interfaces/include/interfaces/interfaces/srv/detail
[0.362s] -- Up-to-date: /home/joselu15/Escritorio/Uni/p1_adr_jlmr/install/interfaces/include/interfaces/interfaces/srv/detail/square__type_support.hpp
[0.362s] -- Up-to-date: /home/joselu15/Escritorio/Uni/p1_adr_jlmr/install/interfaces/include/interfaces/interfaces/srv/detail/square__traits.hpp
[0.362s] -- Up-to-date: /home/joselu15/Escritorio/Uni/p1_adr_jlmr/install/interfaces/include/interfaces/interfaces/srv/detail/square__builder.hpp
[0.362s] -- Up-to-date: /home/joselu15/Escritorio/Uni/p1_adr_jlmr/install/interfaces/include/interfaces/interfaces/srv/detail/greet__traits.hpp
[0.362s] -- Up-to-date: /home/joselu15/Escritorio/Uni/p1_adr_jlmr/install/interfaces/include/interfaces/interfaces/srv/detail/greet__builder.hpp
[0.362s] -- Up-to-date: /home/joselu15/Escritorio/Uni/p1_adr_jlmr/install/interfaces/include/interfaces/interfaces/srv/detail/square__struct.hpp
[0.362s] -- Up-to-date: /home/joselu15/Escritorio/Uni/p1_adr_jlmr/install/interfaces/include/interfaces/interfaces/srv/detail/greet__type_support.hpp
[0.363s] -- Up-to-date: /home/joselu15/Escritorio/Uni/p1_adr_jlmr/install/interfaces/include/interfaces/interfaces/srv/detail/greet__struct.hpp
[0.363s] -- Up-to-date: /home/joselu15/Escritorio/Uni/p1_adr_jlmr/install/interfaces/include/interfaces/interfaces/msg
[0.363s] -- Up-to-date: /home/joselu15/Escritorio/Uni/p1_adr_jlmr/install/interfaces/include/interfaces/interfaces/msg/rosidl_generator_cpp__visibility_control.hpp
[0.363s] -- Up-to-date: /home/joselu15/Escritorio/Uni/p1_adr_jlmr/install/interfaces/include/interfaces/interfaces
[0.363s] -- Up-to-date: /home/joselu15/Escritorio/Uni/p1_adr_jlmr/install/interfaces/include/interfaces/interfaces/srv
[0.363s] -- Up-to-date: /home/joselu15/Escritorio/Uni/p1_adr_jlmr/install/interfaces/include/interfaces/interfaces/srv/detail
[0.363s] -- Up-to-date: /home/joselu15/Escritorio/Uni/p1_adr_jlmr/install/interfaces/include/interfaces/interfaces/srv/detail/dds_fastrtps
[0.363s] -- Up-to-date: /home/joselu15/Escritorio/Uni/p1_adr_jlmr/install/interfaces/include/interfaces/interfaces/srv/detail/greet__rosidl_typesupport_fastrtps_cpp.hpp
[0.363s] -- Up-to-date: /home/joselu15/Escritorio/Uni/p1_adr_jlmr/install/interfaces/include/interfaces/interfaces/srv/detail/square__rosidl_typesupport_fastrtps_cpp.hpp
[0.363s] -- Up-to-date: /home/joselu15/Escritorio/Uni/p1_adr_jlmr/install/interfaces/include/interfaces/interfaces/msg
[0.363s] -- Up-to-date: /home/joselu15/Escritorio/Uni/p1_adr_jlmr/install/interfaces/include/interfaces/interfaces/msg/rosidl_typesupport_fastrtps_cpp__visibility_control.h
[0.363s] -- Up-to-date: /home/joselu15/Escritorio/Uni/p1_adr_jlmr/install/interfaces/lib/libinterfaces__rosidl_typesupport_fastrtps_cpp.so
[0.363s] -- Up-to-date: /home/joselu15/Escritorio/Uni/p1_adr_jlmr/install/interfaces/include/interfaces/interfaces
[0.363s] -- Up-to-date: /home/joselu15/Escritorio/Uni/p1_adr_jlmr/install/interfaces/include/interfaces/interfaces/srv
[0.363s] -- Up-to-date: /home/joselu15/Escritorio/Uni/p1_adr_jlmr/install/interfaces/include/interfaces/interfaces/srv/detail
[0.363s] -- Up-to-date: /home/joselu15/Escritorio/Uni/p1_adr_jlmr/install/interfaces/include/interfaces/interfaces/srv/detail/square__rosidl_typesupport_introspection_cpp.hpp
[0.364s] -- Up-to-date: /home/joselu15/Escritorio/Uni/p1_adr_jlmr/install/interfaces/include/interfaces/interfaces/srv/detail/square__type_support.cpp
[0.364s] -- Up-to-date: /home/joselu15/Escritorio/Uni/p1_adr_jlmr/install/interfaces/include/interfaces/interfaces/srv/detail/greet__type_support.cpp
[0.364s] -- Up-to-date: /home/joselu15/Escritorio/Uni/p1_adr_jlmr/install/interfaces/include/interfaces/interfaces/srv/detail/greet__rosidl_typesupport_introspection_cpp.hpp
[0.364s] -- Up-to-date: /home/joselu15/Escritorio/Uni/p1_adr_jlmr/install/interfaces/lib/libinterfaces__rosidl_typesupport_introspection_cpp.so
[0.364s] -- Up-to-date: /home/joselu15/Escritorio/Uni/p1_adr_jlmr/install/interfaces/lib/libinterfaces__rosidl_typesupport_cpp.so
[0.364s] -- Up-to-date: /home/joselu15/Escritorio/Uni/p1_adr_jlmr/install/interfaces/share/interfaces/environment/pythonpath.sh
[0.364s] -- Up-to-date: /home/joselu15/Escritorio/Uni/p1_adr_jlmr/install/interfaces/share/interfaces/environment/pythonpath.dsv
[0.364s] -- Up-to-date: /home/joselu15/Escritorio/Uni/p1_adr_jlmr/install/interfaces/local/lib/python3.10/dist-packages/interfaces-0.0.0-py3.10.egg-info
[0.364s] -- Installing: /home/joselu15/Escritorio/Uni/p1_adr_jlmr/install/interfaces/local/lib/python3.10/dist-packages/interfaces-0.0.0-py3.10.egg-info/PKG-INFO
[0.364s] -- Installing: /home/joselu15/Escritorio/Uni/p1_adr_jlmr/install/interfaces/local/lib/python3.10/dist-packages/interfaces-0.0.0-py3.10.egg-info/SOURCES.txt
[0.364s] -- Installing: /home/joselu15/Escritorio/Uni/p1_adr_jlmr/install/interfaces/local/lib/python3.10/dist-packages/interfaces-0.0.0-py3.10.egg-info/top_level.txt
[0.364s] -- Installing: /home/joselu15/Escritorio/Uni/p1_adr_jlmr/install/interfaces/local/lib/python3.10/dist-packages/interfaces-0.0.0-py3.10.egg-info/dependency_links.txt
[0.364s] -- Up-to-date: /home/joselu15/Escritorio/Uni/p1_adr_jlmr/install/interfaces/local/lib/python3.10/dist-packages/interfaces
[0.364s] -- Up-to-date: /home/joselu15/Escritorio/Uni/p1_adr_jlmr/install/interfaces/local/lib/python3.10/dist-packages/interfaces/_interfaces_s.ep.rosidl_typesupport_c.c
[0.364s] -- Up-to-date: /home/joselu15/Escritorio/Uni/p1_adr_jlmr/install/interfaces/local/lib/python3.10/dist-packages/interfaces/interfaces_s__rosidl_typesupport_fastrtps_c.cpython-310-x86_64-linux-gnu.so
[0.364s] -- Up-to-date: /home/joselu15/Escritorio/Uni/p1_adr_jlmr/install/interfaces/local/lib/python3.10/dist-packages/interfaces/srv
[0.364s] -- Up-to-date: /home/joselu15/Escritorio/Uni/p1_adr_jlmr/install/interfaces/local/lib/python3.10/dist-packages/interfaces/srv/_greet.py
[0.365s] -- Up-to-date: /home/joselu15/Escritorio/Uni/p1_adr_jlmr/install/interfaces/local/lib/python3.10/dist-packages/interfaces/srv/_square.py
[0.365s] -- Up-to-date: /home/joselu15/Escritorio/Uni/p1_adr_jlmr/install/interfaces/local/lib/python3.10/dist-packages/interfaces/srv/_square_s.c
[0.365s] -- Up-to-date: /home/joselu15/Escritorio/Uni/p1_adr_jlmr/install/interfaces/local/lib/python3.10/dist-packages/interfaces/srv/__init__.py
[0.365s] -- Up-to-date: /home/joselu15/Escritorio/Uni/p1_adr_jlmr/install/interfaces/local/lib/python3.10/dist-packages/interfaces/srv/_greet_s.c
[0.365s] -- Up-to-date: /home/joselu15/Escritorio/Uni/p1_adr_jlmr/install/interfaces/local/lib/python3.10/dist-packages/interfaces/_interfaces_s.ep.rosidl_typesupport_introspection_c.c
[0.365s] -- Up-to-date: /home/joselu15/Escritorio/Uni/p1_adr_jlmr/install/interfaces/local/lib/python3.10/dist-packages/interfaces/libinterfaces__rosidl_generator_py.so
[0.365s] -- Up-to-date: /home/joselu15/Escritorio/Uni/p1_adr_jlmr/install/interfaces/local/lib/python3.10/dist-packages/interfaces/interfaces_s__rosidl_typesupport_introspection_c.cpython-310-x86_64-linux-gnu.so
[0.365s] -- Up-to-date: /home/joselu15/Escritorio/Uni/p1_adr_jlmr/install/interfaces/local/lib/python3.10/dist-packages/interfaces/_interfaces_s.ep.rosidl_typesupport_fastrtps_c.c
[0.365s] -- Up-to-date: /home/joselu15/Escritorio/Uni/p1_adr_jlmr/install/interfaces/local/lib/python3.10/dist-packages/interfaces/__init__.py
[0.365s] -- Up-to-date: /home/joselu15/Escritorio/Uni/p1_adr_jlmr/install/interfaces/local/lib/python3.10/dist-packages/interfaces/interfaces_s__rosidl_typesupport_c.cpython-310-x86_64-linux-gnu.so
[0.392s] Listing '/home/joselu15/Escritorio/Uni/p1_adr_jlmr/install/interfaces/local/lib/python3.10/dist-packages/interfaces'...
[0.392s] Listing '/home/joselu15/Escritorio/Uni/p1_adr_jlmr/install/interfaces/local/lib/python3.10/dist-packages/interfaces/srv'...
[0.395s] -- Up-to-date: /home/joselu15/Escritorio/Uni/p1_adr_jlmr/install/interfaces/local/lib/python3.10/dist-packages/interfaces/interfaces_s__rosidl_typesupport_fastrtps_c.cpython-310-x86_64-linux-gnu.so
[0.396s] -- Up-to-date: /home/joselu15/Escritorio/Uni/p1_adr_jlmr/install/interfaces/local/lib/python3.10/dist-packages/interfaces/interfaces_s__rosidl_typesupport_introspection_c.cpython-310-x86_64-linux-gnu.so
[0.396s] -- Up-to-date: /home/joselu15/Escritorio/Uni/p1_adr_jlmr/install/interfaces/local/lib/python3.10/dist-packages/interfaces/interfaces_s__rosidl_typesupport_c.cpython-310-x86_64-linux-gnu.so
[0.396s] -- Up-to-date: /home/joselu15/Escritorio/Uni/p1_adr_jlmr/install/interfaces/lib/libinterfaces__rosidl_generator_py.so
[0.397s] -- Up-to-date: /home/joselu15/Escritorio/Uni/p1_adr_jlmr/install/interfaces/share/interfaces/srv/Greet.idl
[0.397s] -- Up-to-date: /home/joselu15/Escritorio/Uni/p1_adr_jlmr/install/interfaces/share/interfaces/srv/Square.idl
[0.397s] -- Up-to-date: /home/joselu15/Escritorio/Uni/p1_adr_jlmr/install/interfaces/share/interfaces/srv/Greet.srv
[0.397s] -- Up-to-date: /home/joselu15/Escritorio/Uni/p1_adr_jlmr/install/interfaces/share/interfaces/srv/Greet_Request.msg
[0.397s] -- Up-to-date: /home/joselu15/Escritorio/Uni/p1_adr_jlmr/install/interfaces/share/interfaces/srv/Greet_Response.msg
[0.397s] -- Up-to-date: /home/joselu15/Escritorio/Uni/p1_adr_jlmr/install/interfaces/share/interfaces/srv/Square.srv
[0.397s] -- Up-to-date: /home/joselu15/Escritorio/Uni/p1_adr_jlmr/install/interfaces/share/interfaces/srv/Square_Request.msg
[0.397s] -- Up-to-date: /home/joselu15/Escritorio/Uni/p1_adr_jlmr/install/interfaces/share/interfaces/srv/Square_Response.msg
[0.397s] -- Up-to-date: /home/joselu15/Escritorio/Uni/p1_adr_jlmr/install/interfaces/share/ament_index/resource_index/package_run_dependencies/interfaces
[0.397s] -- Up-to-date: /home/joselu15/Escritorio/Uni/p1_adr_jlmr/install/interfaces/share/ament_index/resource_index/parent_prefix_path/interfaces
[0.397s] -- Up-to-date: /home/joselu15/Escritorio/Uni/p1_adr_jlmr/install/interfaces/share/interfaces/environment/ament_prefix_path.sh
[0.397s] -- Up-to-date: /home/joselu15/Escritorio/Uni/p1_adr_jlmr/install/interfaces/share/interfaces/environment/ament_prefix_path.dsv
[0.397s] -- Up-to-date: /home/joselu15/Escritorio/Uni/p1_adr_jlmr/install/interfaces/share/interfaces/environment/path.sh
[0.398s] -- Up-to-date: /home/joselu15/Escritorio/Uni/p1_adr_jlmr/install/interfaces/share/interfaces/environment/path.dsv
[0.398s] -- Up-to-date: /home/joselu15/Escritorio/Uni/p1_adr_jlmr/install/interfaces/share/interfaces/local_setup.bash
[0.398s] -- Up-to-date: /home/joselu15/Escritorio/Uni/p1_adr_jlmr/install/interfaces/share/interfaces/local_setup.sh
[0.398s] -- Up-to-date: /home/joselu15/Escritorio/Uni/p1_adr_jlmr/install/interfaces/share/interfaces/local_setup.zsh
[0.398s] -- Up-to-date: /home/joselu15/Escritorio/Uni/p1_adr_jlmr/install/interfaces/share/interfaces/local_setup.dsv
[0.398s] -- Installing: /home/joselu15/Escritorio/Uni/p1_adr_jlmr/install/interfaces/share/interfaces/package.dsv
[0.398s] -- Up-to-date: /home/joselu15/Escritorio/Uni/p1_adr_jlmr/install/interfaces/share/ament_index/resource_index/packages/interfaces
[0.398s] -- Up-to-date: /home/joselu15/Escritorio/Uni/p1_adr_jlmr/install/interfaces/share/interfaces/cmake/export_interfaces__rosidl_generator_cExport.cmake
[0.398s] -- Up-to-date: /home/joselu15/Escritorio/Uni/p1_adr_jlmr/install/interfaces/share/interfaces/cmake/export_interfaces__rosidl_generator_cExport-noconfig.cmake
[0.398s] -- Up-to-date: /home/joselu15/Escritorio/Uni/p1_adr_jlmr/install/interfaces/share/interfaces/cmake/export_interfaces__rosidl_typesupport_fastrtps_cExport.cmake
[0.398s] -- Up-to-date: /home/joselu15/Escritorio/Uni/p1_adr_jlmr/install/interfaces/share/interfaces/cmake/export_interfaces__rosidl_typesupport_fastrtps_cExport-noconfig.cmake
[0.398s] -- Up-to-date: /home/joselu15/Escritorio/Uni/p1_adr_jlmr/install/interfaces/share/interfaces/cmake/interfaces__rosidl_typesupport_introspection_cExport.cmake
[0.398s] -- Up-to-date: /home/joselu15/Escritorio/Uni/p1_adr_jlmr/install/interfaces/share/interfaces/cmake/interfaces__rosidl_typesupport_introspection_cExport-noconfig.cmake
[0.398s] -- Up-to-date: /home/joselu15/Escritorio/Uni/p1_adr_jlmr/install/interfaces/share/interfaces/cmake/interfaces__rosidl_typesupport_cExport.cmake
[0.399s] -- Up-to-date: /home/joselu15/Escritorio/Uni/p1_adr_jlmr/install/interfaces/share/interfaces/cmake/interfaces__rosidl_typesupport_cExport-noconfig.cmake
[0.399s] -- Up-to-date: /home/joselu15/Escritorio/Uni/p1_adr_jlmr/install/interfaces/share/interfaces/cmake/export_interfaces__rosidl_generator_cppExport.cmake
[0.399s] -- Up-to-date: /home/joselu15/Escritorio/Uni/p1_adr_jlmr/install/interfaces/share/interfaces/cmake/export_interfaces__rosidl_typesupport_fastrtps_cppExport.cmake
[0.399s] -- Up-to-date: /home/joselu15/Escritorio/Uni/p1_adr_jlmr/install/interfaces/share/interfaces/cmake/export_interfaces__rosidl_typesupport_fastrtps_cppExport-noconfig.cmake
[0.399s] -- Up-to-date: /home/joselu15/Escritorio/Uni/p1_adr_jlmr/install/interfaces/share/interfaces/cmake/interfaces__rosidl_typesupport_introspection_cppExport.cmake
[0.399s] -- Up-to-date: /home/joselu15/Escritorio/Uni/p1_adr_jlmr/install/interfaces/share/interfaces/cmake/interfaces__rosidl_typesupport_introspection_cppExport-noconfig.cmake
[0.399s] -- Up-to-date: /home/joselu15/Escritorio/Uni/p1_adr_jlmr/install/interfaces/share/interfaces/cmake/interfaces__rosidl_typesupport_cppExport.cmake
[0.399s] -- Up-to-date: /home/joselu15/Escritorio/Uni/p1_adr_jlmr/install/interfaces/share/interfaces/cmake/interfaces__rosidl_typesupport_cppExport-noconfig.cmake
[0.399s] -- Up-to-date: /home/joselu15/Escritorio/Uni/p1_adr_jlmr/install/interfaces/share/interfaces/cmake/export_interfaces__rosidl_generator_pyExport.cmake
[0.399s] -- Up-to-date: /home/joselu15/Escritorio/Uni/p1_adr_jlmr/install/interfaces/share/interfaces/cmake/export_interfaces__rosidl_generator_pyExport-noconfig.cmake
[0.399s] -- Up-to-date: /home/joselu15/Escritorio/Uni/p1_adr_jlmr/install/interfaces/share/interfaces/cmake/rosidl_cmake-extras.cmake
[0.399s] -- Up-to-date: /home/joselu15/Escritorio/Uni/p1_adr_jlmr/install/interfaces/share/interfaces/cmake/ament_cmake_export_dependencies-extras.cmake
[0.399s] -- Up-to-date: /home/joselu15/Escritorio/Uni/p1_adr_jlmr/install/interfaces/share/interfaces/cmake/ament_cmake_export_include_directories-extras.cmake
[0.399s] -- Up-to-date: /home/joselu15/Escritorio/Uni/p1_adr_jlmr/install/interfaces/share/interfaces/cmake/ament_cmake_export_libraries-extras.cmake
[0.400s] -- Up-to-date: /home/joselu15/Escritorio/Uni/p1_adr_jlmr/install/interfaces/share/interfaces/cmake/ament_cmake_export_targets-extras.cmake
[0.400s] -- Up-to-date: /home/joselu15/Escritorio/Uni/p1_adr_jlmr/install/interfaces/share/interfaces/cmake/rosidl_cmake_export_typesupport_targets-extras.cmake
[0.400s] -- Up-to-date: /home/joselu15/Escritorio/Uni/p1_adr_jlmr/install/interfaces/share/interfaces/cmake/rosidl_cmake_export_typesupport_libraries-extras.cmake
[0.400s] -- Up-to-date: /home/joselu15/Escritorio/Uni/p1_adr_jlmr/install/interfaces/share/interfaces/cmake/interfacesConfig.cmake
[0.400s] -- Up-to-date: /home/joselu15/Escritorio/Uni/p1_adr_jlmr/install/interfaces/share/interfaces/cmake/interfacesConfig-version.cmake
[0.400s] -- Up-to-date: /home/joselu15/Escritorio/Uni/p1_adr_jlmr/install/interfaces/share/interfaces/package.xml
[0.402s] Invoked command in '/home/joselu15/Escritorio/Uni/p1_adr_jlmr/build/interfaces' returned '0': CMAKE_PREFIX_PATH=/opt/ros/humble /usr/bin/cmake --install /home/joselu15/Escritorio/Uni/p1_adr_jlmr/build/interfaces
