[0.125s] DEBUG:colcon:Command line arguments: ['/usr/bin/colcon', 'build']
[0.125s] DEBUG:colcon:Parsed command line arguments: Namespace(log_base=None, log_level=None, verb_name='build', build_base='build', install_base='install', merge_install=False, symlink_install=False, test_result_base=None, continue_on_error=False, executor='parallel', parallel_workers=12, event_handlers=None, ignore_user_meta=False, metas=['./colcon.meta'], base_paths=['.'], packages_ignore=None, packages_ignore_regex=None, paths=None, packages_up_to=None, packages_up_to_regex=None, packages_above=None, packages_above_and_dependencies=None, packages_above_depth=None, packages_select_by_dep=None, packages_skip_by_dep=None, packages_skip_up_to=None, packages_select_build_failed=False, packages_skip_build_finished=False, packages_select_test_failures=False, packages_skip_test_passed=False, packages_select=None, packages_skip=None, packages_select_regex=None, packages_skip_regex=None, packages_start=None, packages_end=None, allow_overriding=[], cmake_args=None, cmake_target=None, cmake_target_skip_unavailable=False, cmake_clean_cache=False, cmake_clean_first=False, cmake_force_configure=False, ament_cmake_args=None, catkin_cmake_args=None, catkin_skip_building_tests=False, verb_parser=<colcon_defaults.argument_parser.defaults.DefaultArgumentsDecorator object at 0x7602fe72ac80>, verb_extension=<colcon_core.verb.build.BuildVerb object at 0x7602fe870160>, main=<bound method BuildVerb.main of <colcon_core.verb.build.BuildVerb object at 0x7602fe870160>>)
[0.658s] Level 1:colcon.colcon_core.package_discovery:discover_packages(colcon_meta) check parameters
[0.658s] Level 1:colcon.colcon_core.package_discovery:discover_packages(recursive) check parameters
[0.658s] Level 1:colcon.colcon_core.package_discovery:discover_packages(ignore) check parameters
[0.658s] Level 1:colcon.colcon_core.package_discovery:discover_packages(path) check parameters
[0.658s] Level 1:colcon.colcon_core.package_discovery:discover_packages(colcon_meta) discover
[0.658s] Level 1:colcon.colcon_core.package_discovery:discover_packages(recursive) discover
[0.658s] INFO:colcon.colcon_core.package_discovery:Crawling recursively for packages in '/home/joselu15/Escritorio/Uni/p1_adr_jlmr'
[0.658s] Level 1:colcon.colcon_core.package_identification:_identify(.) by extensions ['ignore', 'ignore_ament_install']
[0.658s] Level 1:colcon.colcon_core.package_identification:_identify(.) by extension 'ignore'
[0.658s] Level 1:colcon.colcon_core.package_identification:_identify(.) by extension 'ignore_ament_install'
[0.658s] Level 1:colcon.colcon_core.package_identification:_identify(.) by extensions ['colcon_pkg']
[0.658s] Level 1:colcon.colcon_core.package_identification:_identify(.) by extension 'colcon_pkg'
[0.658s] Level 1:colcon.colcon_core.package_identification:_identify(.) by extensions ['colcon_meta']
[0.658s] Level 1:colcon.colcon_core.package_identification:_identify(.) by extension 'colcon_meta'
[0.658s] Level 1:colcon.colcon_core.package_identification:_identify(.) by extensions ['ros']
[0.658s] Level 1:colcon.colcon_core.package_identification:_identify(.) by extension 'ros'
[0.668s] Level 1:colcon.colcon_core.package_identification:_identify(.) by extensions ['cmake', 'python']
[0.668s] Level 1:colcon.colcon_core.package_identification:_identify(.) by extension 'cmake'
[0.668s] Level 1:colcon.colcon_core.package_identification:_identify(.) by extension 'python'
[0.668s] Level 1:colcon.colcon_core.package_identification:_identify(.) by extensions ['python_setup_py']
[0.668s] Level 1:colcon.colcon_core.package_identification:_identify(.) by extension 'python_setup_py'
[0.668s] Level 1:colcon.colcon_core.package_identification:_identify(build) by extensions ['ignore', 'ignore_ament_install']
[0.668s] Level 1:colcon.colcon_core.package_identification:_identify(build) by extension 'ignore'
[0.669s] Level 1:colcon.colcon_core.package_identification:_identify(build) ignored
[0.669s] Level 1:colcon.colcon_core.package_identification:_identify(install) by extensions ['ignore', 'ignore_ament_install']
[0.669s] Level 1:colcon.colcon_core.package_identification:_identify(install) by extension 'ignore'
[0.669s] Level 1:colcon.colcon_core.package_identification:_identify(install) ignored
[0.669s] Level 1:colcon.colcon_core.package_identification:_identify(interfaces) by extensions ['ignore', 'ignore_ament_install']
[0.669s] Level 1:colcon.colcon_core.package_identification:_identify(interfaces) by extension 'ignore'
[0.669s] Level 1:colcon.colcon_core.package_identification:_identify(interfaces) by extension 'ignore_ament_install'
[0.669s] Level 1:colcon.colcon_core.package_identification:_identify(interfaces) by extensions ['colcon_pkg']
[0.669s] Level 1:colcon.colcon_core.package_identification:_identify(interfaces) by extension 'colcon_pkg'
[0.669s] Level 1:colcon.colcon_core.package_identification:_identify(interfaces) by extensions ['colcon_meta']
[0.669s] Level 1:colcon.colcon_core.package_identification:_identify(interfaces) by extension 'colcon_meta'
[0.669s] Level 1:colcon.colcon_core.package_identification:_identify(interfaces) by extensions ['ros']
[0.669s] Level 1:colcon.colcon_core.package_identification:_identify(interfaces) by extension 'ros'
[0.671s] DEBUG:colcon.colcon_core.package_identification:Package 'interfaces' with type 'ros.ament_cmake' and name 'interfaces'
[0.671s] Level 1:colcon.colcon_core.package_identification:_identify(log) by extensions ['ignore', 'ignore_ament_install']
[0.671s] Level 1:colcon.colcon_core.package_identification:_identify(log) by extension 'ignore'
[0.671s] Level 1:colcon.colcon_core.package_identification:_identify(log) ignored
[0.671s] Level 1:colcon.colcon_core.package_identification:_identify(prac1) by extensions ['ignore', 'ignore_ament_install']
[0.671s] Level 1:colcon.colcon_core.package_identification:_identify(prac1) by extension 'ignore'
[0.672s] Level 1:colcon.colcon_core.package_identification:_identify(prac1) by extension 'ignore_ament_install'
[0.672s] Level 1:colcon.colcon_core.package_identification:_identify(prac1) by extensions ['colcon_pkg']
[0.672s] Level 1:colcon.colcon_core.package_identification:_identify(prac1) by extension 'colcon_pkg'
[0.672s] Level 1:colcon.colcon_core.package_identification:_identify(prac1) by extensions ['colcon_meta']
[0.672s] Level 1:colcon.colcon_core.package_identification:_identify(prac1) by extension 'colcon_meta'
[0.672s] Level 1:colcon.colcon_core.package_identification:_identify(prac1) by extensions ['ros']
[0.672s] Level 1:colcon.colcon_core.package_identification:_identify(prac1) by extension 'ros'
[0.672s] DEBUG:colcon.colcon_core.package_identification:Package 'prac1' with type 'ros.ament_python' and name 'prac1'
[0.672s] Level 1:colcon.colcon_core.package_discovery:discover_packages(recursive) using defaults
[0.672s] Level 1:colcon.colcon_core.package_discovery:discover_packages(ignore) discover
[0.672s] Level 1:colcon.colcon_core.package_discovery:discover_packages(ignore) using defaults
[0.672s] Level 1:colcon.colcon_core.package_discovery:discover_packages(path) discover
[0.672s] Level 1:colcon.colcon_core.package_discovery:discover_packages(path) using defaults
[0.704s] Level 1:colcon.colcon_core.package_discovery:discover_packages(prefix_path) check parameters
[0.704s] Level 1:colcon.colcon_core.package_discovery:discover_packages(prefix_path) discover
[0.706s] DEBUG:colcon.colcon_installed_package_information.package_discovery:Found 271 installed packages in /opt/ros/humble
[0.708s] Level 1:colcon.colcon_core.package_discovery:discover_packages(prefix_path) using defaults
[0.748s] Level 5:colcon.colcon_core.verb:set package 'interfaces' build argument 'cmake_args' from command line to 'None'
[0.748s] Level 5:colcon.colcon_core.verb:set package 'interfaces' build argument 'cmake_target' from command line to 'None'
[0.748s] Level 5:colcon.colcon_core.verb:set package 'interfaces' build argument 'cmake_target_skip_unavailable' from command line to 'False'
[0.748s] Level 5:colcon.colcon_core.verb:set package 'interfaces' build argument 'cmake_clean_cache' from command line to 'False'
[0.748s] Level 5:colcon.colcon_core.verb:set package 'interfaces' build argument 'cmake_clean_first' from command line to 'False'
[0.748s] Level 5:colcon.colcon_core.verb:set package 'interfaces' build argument 'cmake_force_configure' from command line to 'False'
[0.748s] Level 5:colcon.colcon_core.verb:set package 'interfaces' build argument 'ament_cmake_args' from command line to 'None'
[0.748s] Level 5:colcon.colcon_core.verb:set package 'interfaces' build argument 'catkin_cmake_args' from command line to 'None'
[0.748s] Level 5:colcon.colcon_core.verb:set package 'interfaces' build argument 'catkin_skip_building_tests' from command line to 'False'
[0.749s] DEBUG:colcon.colcon_core.verb:Building package 'interfaces' with the following arguments: {'ament_cmake_args': None, 'build_base': '/home/joselu15/Escritorio/Uni/p1_adr_jlmr/build/interfaces', 'catkin_cmake_args': None, 'catkin_skip_building_tests': False, 'cmake_args': None, 'cmake_clean_cache': False, 'cmake_clean_first': False, 'cmake_force_configure': False, 'cmake_target': None, 'cmake_target_skip_unavailable': False, 'install_base': '/home/joselu15/Escritorio/Uni/p1_adr_jlmr/install/interfaces', 'merge_install': False, 'path': '/home/joselu15/Escritorio/Uni/p1_adr_jlmr/interfaces', 'symlink_install': False, 'test_result_base': None}
[0.749s] Level 5:colcon.colcon_core.verb:set package 'prac1' build argument 'cmake_args' from command line to 'None'
[0.749s] Level 5:colcon.colcon_core.verb:set package 'prac1' build argument 'cmake_target' from command line to 'None'
[0.749s] Level 5:colcon.colcon_core.verb:set package 'prac1' build argument 'cmake_target_skip_unavailable' from command line to 'False'
[0.749s] Level 5:colcon.colcon_core.verb:set package 'prac1' build argument 'cmake_clean_cache' from command line to 'False'
[0.749s] Level 5:colcon.colcon_core.verb:set package 'prac1' build argument 'cmake_clean_first' from command line to 'False'
[0.749s] Level 5:colcon.colcon_core.verb:set package 'prac1' build argument 'cmake_force_configure' from command line to 'False'
[0.749s] Level 5:colcon.colcon_core.verb:set package 'prac1' build argument 'ament_cmake_args' from command line to 'None'
[0.749s] Level 5:colcon.colcon_core.verb:set package 'prac1' build argument 'catkin_cmake_args' from command line to 'None'
[0.749s] Level 5:colcon.colcon_core.verb:set package 'prac1' build argument 'catkin_skip_building_tests' from command line to 'False'
[0.749s] DEBUG:colcon.colcon_core.verb:Building package 'prac1' with the following arguments: {'ament_cmake_args': None, 'build_base': '/home/joselu15/Escritorio/Uni/p1_adr_jlmr/build/prac1', 'catkin_cmake_args': None, 'catkin_skip_building_tests': False, 'cmake_args': None, 'cmake_clean_cache': False, 'cmake_clean_first': False, 'cmake_force_configure': False, 'cmake_target': None, 'cmake_target_skip_unavailable': False, 'install_base': '/home/joselu15/Escritorio/Uni/p1_adr_jlmr/install/prac1', 'merge_install': False, 'path': '/home/joselu15/Escritorio/Uni/p1_adr_jlmr/prac1', 'symlink_install': False, 'test_result_base': None}
[0.749s] INFO:colcon.colcon_core.executor:Executing jobs using 'parallel' executor
[0.750s] DEBUG:colcon.colcon_parallel_executor.executor.parallel:run_until_complete
[0.750s] INFO:colcon.colcon_ros.task.ament_cmake.build:Building ROS package in '/home/joselu15/Escritorio/Uni/p1_adr_jlmr/interfaces' with build type 'ament_cmake'
[0.750s] INFO:colcon.colcon_cmake.task.cmake.build:Building CMake package in '/home/joselu15/Escritorio/Uni/p1_adr_jlmr/interfaces'
[0.752s] INFO:colcon.colcon_core.plugin_system:Skipping extension 'colcon_core.shell.bat': Not used on non-Windows systems
[0.752s] INFO:colcon.colcon_core.shell:Skip shell extension 'powershell' for command environment: Not usable outside of PowerShell
[0.752s] DEBUG:colcon.colcon_core.shell:Skip shell extension 'dsv' for command environment
[0.755s] INFO:colcon.colcon_ros.task.ament_python.build:Building ROS package in '/home/joselu15/Escritorio/Uni/p1_adr_jlmr/prac1' with build type 'ament_python'
[0.755s] Level 1:colcon.colcon_core.shell:create_environment_hook('prac1', 'ament_prefix_path')
[0.755s] INFO:colcon.colcon_core.shell:Creating environment hook '/home/joselu15/Escritorio/Uni/p1_adr_jlmr/install/prac1/share/prac1/hook/ament_prefix_path.ps1'
[0.756s] INFO:colcon.colcon_core.shell:Creating environment descriptor '/home/joselu15/Escritorio/Uni/p1_adr_jlmr/install/prac1/share/prac1/hook/ament_prefix_path.dsv'
[0.756s] INFO:colcon.colcon_core.shell:Creating environment hook '/home/joselu15/Escritorio/Uni/p1_adr_jlmr/install/prac1/share/prac1/hook/ament_prefix_path.sh'
[0.757s] INFO:colcon.colcon_core.shell:Skip shell extension 'powershell' for command environment: Not usable outside of PowerShell
[0.757s] DEBUG:colcon.colcon_core.shell:Skip shell extension 'dsv' for command environment
[0.762s] DEBUG:colcon.colcon_core.event_handler.log_command:Invoking command in '/home/joselu15/Escritorio/Uni/p1_adr_jlmr/build/interfaces': CMAKE_PREFIX_PATH=/opt/ros/humble /usr/bin/cmake /home/joselu15/Escritorio/Uni/p1_adr_jlmr/interfaces -DCMAKE_INSTALL_PREFIX=/home/joselu15/Escritorio/Uni/p1_adr_jlmr/install/interfaces
[0.981s] INFO:colcon.colcon_core.task.python.build:Building Python package in '/home/joselu15/Escritorio/Uni/p1_adr_jlmr/prac1'
[0.981s] INFO:colcon.colcon_core.shell:Skip shell extension 'powershell' for command environment: Not usable outside of PowerShell
[0.981s] DEBUG:colcon.colcon_core.shell:Skip shell extension 'dsv' for command environment
[1.266s] DEBUG:colcon.colcon_core.event_handler.log_command:Invoking command in '/home/joselu15/Escritorio/Uni/p1_adr_jlmr/prac1': PYTHONPATH=/home/joselu15/Escritorio/Uni/p1_adr_jlmr/build/prac1/prefix_override:/usr/lib/python3/dist-packages/colcon_core/task/python/colcon_distutils_commands:/home/joselu15/Escritorio/Uni/p1_adr_jlmr/install/prac1/lib/python3.10/site-packages:${PYTHONPATH} /usr/bin/python3 -W ignore:setup.py install is deprecated -W ignore:easy_install command is deprecated setup.py egg_info --egg-base ../build/prac1 build --build-base /home/joselu15/Escritorio/Uni/p1_adr_jlmr/build/prac1/build install --record /home/joselu15/Escritorio/Uni/p1_adr_jlmr/build/prac1/install.log --single-version-externally-managed install_data
[1.524s] DEBUG:colcon.colcon_core.event_handler.log_command:Invoked command in '/home/joselu15/Escritorio/Uni/p1_adr_jlmr/prac1' returned '0': PYTHONPATH=/home/joselu15/Escritorio/Uni/p1_adr_jlmr/build/prac1/prefix_override:/usr/lib/python3/dist-packages/colcon_core/task/python/colcon_distutils_commands:/home/joselu15/Escritorio/Uni/p1_adr_jlmr/install/prac1/lib/python3.10/site-packages:${PYTHONPATH} /usr/bin/python3 -W ignore:setup.py install is deprecated -W ignore:easy_install command is deprecated setup.py egg_info --egg-base ../build/prac1 build --build-base /home/joselu15/Escritorio/Uni/p1_adr_jlmr/build/prac1/build install --record /home/joselu15/Escritorio/Uni/p1_adr_jlmr/build/prac1/install.log --single-version-externally-managed install_data
[1.526s] Level 1:colcon.colcon_core.environment:checking '/home/joselu15/Escritorio/Uni/p1_adr_jlmr/install/prac1' for CMake module files
[1.526s] Level 1:colcon.colcon_core.environment:checking '/home/joselu15/Escritorio/Uni/p1_adr_jlmr/install/prac1' for CMake config files
[1.527s] Level 1:colcon.colcon_core.environment:checking '/home/joselu15/Escritorio/Uni/p1_adr_jlmr/install/prac1/lib'
[1.527s] Level 1:colcon.colcon_core.environment:checking '/home/joselu15/Escritorio/Uni/p1_adr_jlmr/install/prac1/bin'
[1.527s] Level 1:colcon.colcon_core.environment:checking '/home/joselu15/Escritorio/Uni/p1_adr_jlmr/install/prac1/lib/pkgconfig/prac1.pc'
[1.528s] Level 1:colcon.colcon_core.environment:checking '/home/joselu15/Escritorio/Uni/p1_adr_jlmr/install/prac1/lib/python3.10/site-packages'
[1.528s] Level 1:colcon.colcon_core.shell:create_environment_hook('prac1', 'pythonpath')
[1.528s] INFO:colcon.colcon_core.shell:Creating environment hook '/home/joselu15/Escritorio/Uni/p1_adr_jlmr/install/prac1/share/prac1/hook/pythonpath.ps1'
[1.528s] INFO:colcon.colcon_core.shell:Creating environment descriptor '/home/joselu15/Escritorio/Uni/p1_adr_jlmr/install/prac1/share/prac1/hook/pythonpath.dsv'
[1.528s] INFO:colcon.colcon_core.shell:Creating environment hook '/home/joselu15/Escritorio/Uni/p1_adr_jlmr/install/prac1/share/prac1/hook/pythonpath.sh'
[1.529s] Level 1:colcon.colcon_core.environment:checking '/home/joselu15/Escritorio/Uni/p1_adr_jlmr/install/prac1/bin'
[1.529s] Level 1:colcon.colcon_core.environment:create_environment_scripts_only(prac1)
[1.529s] INFO:colcon.colcon_core.shell:Creating package script '/home/joselu15/Escritorio/Uni/p1_adr_jlmr/install/prac1/share/prac1/package.ps1'
[1.530s] INFO:colcon.colcon_core.shell:Creating package descriptor '/home/joselu15/Escritorio/Uni/p1_adr_jlmr/install/prac1/share/prac1/package.dsv'
[1.530s] INFO:colcon.colcon_core.shell:Creating package script '/home/joselu15/Escritorio/Uni/p1_adr_jlmr/install/prac1/share/prac1/package.sh'
[1.531s] INFO:colcon.colcon_core.shell:Creating package script '/home/joselu15/Escritorio/Uni/p1_adr_jlmr/install/prac1/share/prac1/package.bash'
[1.531s] INFO:colcon.colcon_core.shell:Creating package script '/home/joselu15/Escritorio/Uni/p1_adr_jlmr/install/prac1/share/prac1/package.zsh'
[1.532s] Level 1:colcon.colcon_core.environment:create_file_with_runtime_dependencies(/home/joselu15/Escritorio/Uni/p1_adr_jlmr/install/prac1/share/colcon-core/packages/prac1)
[2.719s] DEBUG:colcon.colcon_core.event_handler.log_command:Invoked command in '/home/joselu15/Escritorio/Uni/p1_adr_jlmr/build/interfaces' returned '0': CMAKE_PREFIX_PATH=/opt/ros/humble /usr/bin/cmake /home/joselu15/Escritorio/Uni/p1_adr_jlmr/interfaces -DCMAKE_INSTALL_PREFIX=/home/joselu15/Escritorio/Uni/p1_adr_jlmr/install/interfaces
[2.721s] DEBUG:colcon.colcon_core.event_handler.log_command:Invoking command in '/home/joselu15/Escritorio/Uni/p1_adr_jlmr/build/interfaces': CMAKE_PREFIX_PATH=/opt/ros/humble /usr/bin/cmake --build /home/joselu15/Escritorio/Uni/p1_adr_jlmr/build/interfaces -- -j12 -l12
[5.064s] DEBUG:colcon.colcon_core.event_handler.log_command:Invoked command in '/home/joselu15/Escritorio/Uni/p1_adr_jlmr/build/interfaces' returned '0': CMAKE_PREFIX_PATH=/opt/ros/humble /usr/bin/cmake --build /home/joselu15/Escritorio/Uni/p1_adr_jlmr/build/interfaces -- -j12 -l12
[5.072s] DEBUG:colcon.colcon_core.event_handler.log_command:Invoking command in '/home/joselu15/Escritorio/Uni/p1_adr_jlmr/build/interfaces': CMAKE_PREFIX_PATH=/opt/ros/humble /usr/bin/cmake --install /home/joselu15/Escritorio/Uni/p1_adr_jlmr/build/interfaces
[5.136s] Level 1:colcon.colcon_core.environment:create_environment_scripts_only(interfaces)
[5.136s] Level 1:colcon.colcon_core.environment:checking '/home/joselu15/Escritorio/Uni/p1_adr_jlmr/install/interfaces' for CMake module files
[5.136s] DEBUG:colcon.colcon_core.event_handler.log_command:Invoked command in '/home/joselu15/Escritorio/Uni/p1_adr_jlmr/build/interfaces' returned '0': CMAKE_PREFIX_PATH=/opt/ros/humble /usr/bin/cmake --install /home/joselu15/Escritorio/Uni/p1_adr_jlmr/build/interfaces
[5.137s] Level 1:colcon.colcon_core.environment:checking '/home/joselu15/Escritorio/Uni/p1_adr_jlmr/install/interfaces' for CMake config files
[5.137s] Level 1:colcon.colcon_core.shell:create_environment_hook('interfaces', 'cmake_prefix_path')
[5.138s] INFO:colcon.colcon_core.shell:Creating environment hook '/home/joselu15/Escritorio/Uni/p1_adr_jlmr/install/interfaces/share/interfaces/hook/cmake_prefix_path.ps1'
[5.138s] INFO:colcon.colcon_core.shell:Creating environment descriptor '/home/joselu15/Escritorio/Uni/p1_adr_jlmr/install/interfaces/share/interfaces/hook/cmake_prefix_path.dsv'
[5.138s] INFO:colcon.colcon_core.shell:Creating environment hook '/home/joselu15/Escritorio/Uni/p1_adr_jlmr/install/interfaces/share/interfaces/hook/cmake_prefix_path.sh'
[5.139s] Level 1:colcon.colcon_core.environment:checking '/home/joselu15/Escritorio/Uni/p1_adr_jlmr/install/interfaces/lib'
[5.139s] Level 1:colcon.colcon_core.shell:create_environment_hook('interfaces', 'ld_library_path_lib')
[5.139s] INFO:colcon.colcon_core.shell:Creating environment hook '/home/joselu15/Escritorio/Uni/p1_adr_jlmr/install/interfaces/share/interfaces/hook/ld_library_path_lib.ps1'
[5.139s] INFO:colcon.colcon_core.shell:Creating environment descriptor '/home/joselu15/Escritorio/Uni/p1_adr_jlmr/install/interfaces/share/interfaces/hook/ld_library_path_lib.dsv'
[5.140s] INFO:colcon.colcon_core.shell:Creating environment hook '/home/joselu15/Escritorio/Uni/p1_adr_jlmr/install/interfaces/share/interfaces/hook/ld_library_path_lib.sh'
[5.140s] Level 1:colcon.colcon_core.environment:checking '/home/joselu15/Escritorio/Uni/p1_adr_jlmr/install/interfaces/bin'
[5.140s] Level 1:colcon.colcon_core.environment:checking '/home/joselu15/Escritorio/Uni/p1_adr_jlmr/install/interfaces/lib/pkgconfig/interfaces.pc'
[5.140s] Level 1:colcon.colcon_core.environment:checking '/home/joselu15/Escritorio/Uni/p1_adr_jlmr/install/interfaces/lib/python3.10/site-packages'
[5.140s] Level 1:colcon.colcon_core.environment:checking '/home/joselu15/Escritorio/Uni/p1_adr_jlmr/install/interfaces/bin'
[5.141s] INFO:colcon.colcon_core.shell:Creating package script '/home/joselu15/Escritorio/Uni/p1_adr_jlmr/install/interfaces/share/interfaces/package.ps1'
[5.141s] INFO:colcon.colcon_core.shell:Creating package descriptor '/home/joselu15/Escritorio/Uni/p1_adr_jlmr/install/interfaces/share/interfaces/package.dsv'
[5.141s] INFO:colcon.colcon_core.shell:Creating package script '/home/joselu15/Escritorio/Uni/p1_adr_jlmr/install/interfaces/share/interfaces/package.sh'
[5.142s] INFO:colcon.colcon_core.shell:Creating package script '/home/joselu15/Escritorio/Uni/p1_adr_jlmr/install/interfaces/share/interfaces/package.bash'
[5.142s] INFO:colcon.colcon_core.shell:Creating package script '/home/joselu15/Escritorio/Uni/p1_adr_jlmr/install/interfaces/share/interfaces/package.zsh'
[5.142s] Level 1:colcon.colcon_core.environment:create_file_with_runtime_dependencies(/home/joselu15/Escritorio/Uni/p1_adr_jlmr/install/interfaces/share/colcon-core/packages/interfaces)
[5.143s] Level 1:colcon.colcon_core.environment:create_environment_scripts_only(interfaces)
[5.143s] Level 1:colcon.colcon_core.environment:checking '/home/joselu15/Escritorio/Uni/p1_adr_jlmr/install/interfaces' for CMake module files
[5.143s] Level 1:colcon.colcon_core.environment:checking '/home/joselu15/Escritorio/Uni/p1_adr_jlmr/install/interfaces' for CMake config files
[5.144s] Level 1:colcon.colcon_core.shell:create_environment_hook('interfaces', 'cmake_prefix_path')
[5.144s] INFO:colcon.colcon_core.shell:Creating environment hook '/home/joselu15/Escritorio/Uni/p1_adr_jlmr/install/interfaces/share/interfaces/hook/cmake_prefix_path.ps1'
[5.145s] INFO:colcon.colcon_core.shell:Creating environment descriptor '/home/joselu15/Escritorio/Uni/p1_adr_jlmr/install/interfaces/share/interfaces/hook/cmake_prefix_path.dsv'
[5.145s] INFO:colcon.colcon_core.shell:Creating environment hook '/home/joselu15/Escritorio/Uni/p1_adr_jlmr/install/interfaces/share/interfaces/hook/cmake_prefix_path.sh'
[5.145s] Level 1:colcon.colcon_core.environment:checking '/home/joselu15/Escritorio/Uni/p1_adr_jlmr/install/interfaces/lib'
[5.145s] Level 1:colcon.colcon_core.shell:create_environment_hook('interfaces', 'ld_library_path_lib')
[5.146s] INFO:colcon.colcon_core.shell:Creating environment hook '/home/joselu15/Escritorio/Uni/p1_adr_jlmr/install/interfaces/share/interfaces/hook/ld_library_path_lib.ps1'
[5.146s] INFO:colcon.colcon_core.shell:Creating environment descriptor '/home/joselu15/Escritorio/Uni/p1_adr_jlmr/install/interfaces/share/interfaces/hook/ld_library_path_lib.dsv'
[5.146s] INFO:colcon.colcon_core.shell:Creating environment hook '/home/joselu15/Escritorio/Uni/p1_adr_jlmr/install/interfaces/share/interfaces/hook/ld_library_path_lib.sh'
[5.146s] Level 1:colcon.colcon_core.environment:checking '/home/joselu15/Escritorio/Uni/p1_adr_jlmr/install/interfaces/bin'
[5.146s] Level 1:colcon.colcon_core.environment:checking '/home/joselu15/Escritorio/Uni/p1_adr_jlmr/install/interfaces/lib/pkgconfig/interfaces.pc'
[5.147s] Level 1:colcon.colcon_core.environment:checking '/home/joselu15/Escritorio/Uni/p1_adr_jlmr/install/interfaces/lib/python3.10/site-packages'
[5.147s] Level 1:colcon.colcon_core.environment:checking '/home/joselu15/Escritorio/Uni/p1_adr_jlmr/install/interfaces/bin'
[5.147s] INFO:colcon.colcon_core.shell:Creating package script '/home/joselu15/Escritorio/Uni/p1_adr_jlmr/install/interfaces/share/interfaces/package.ps1'
[5.148s] INFO:colcon.colcon_core.shell:Creating package descriptor '/home/joselu15/Escritorio/Uni/p1_adr_jlmr/install/interfaces/share/interfaces/package.dsv'
[5.148s] INFO:colcon.colcon_core.shell:Creating package script '/home/joselu15/Escritorio/Uni/p1_adr_jlmr/install/interfaces/share/interfaces/package.sh'
[5.148s] INFO:colcon.colcon_core.shell:Creating package script '/home/joselu15/Escritorio/Uni/p1_adr_jlmr/install/interfaces/share/interfaces/package.bash'
[5.149s] INFO:colcon.colcon_core.shell:Creating package script '/home/joselu15/Escritorio/Uni/p1_adr_jlmr/install/interfaces/share/interfaces/package.zsh'
[5.149s] Level 1:colcon.colcon_core.environment:create_file_with_runtime_dependencies(/home/joselu15/Escritorio/Uni/p1_adr_jlmr/install/interfaces/share/colcon-core/packages/interfaces)
[5.149s] DEBUG:colcon.colcon_parallel_executor.executor.parallel:closing loop
[5.149s] DEBUG:colcon.colcon_parallel_executor.executor.parallel:loop closed
[5.149s] DEBUG:colcon.colcon_parallel_executor.executor.parallel:run_until_complete finished with '0'
[5.149s] DEBUG:colcon.colcon_core.event_reactor:joining thread
[5.195s] INFO:colcon.colcon_core.plugin_system:Skipping extension 'colcon_notification.desktop_notification.terminal_notifier': Not used on non-Darwin systems
[5.195s] INFO:colcon.colcon_core.plugin_system:Skipping extension 'colcon_notification.desktop_notification.win32': Not used on non-Windows systems
[5.195s] INFO:colcon.colcon_notification.desktop_notification:Sending desktop notification using 'notify2'
[5.729s] DEBUG:colcon.colcon_core.event_reactor:joined thread
[5.730s] INFO:colcon.colcon_core.shell:Creating prefix script '/home/joselu15/Escritorio/Uni/p1_adr_jlmr/install/local_setup.ps1'
[5.731s] INFO:colcon.colcon_core.shell:Creating prefix util module '/home/joselu15/Escritorio/Uni/p1_adr_jlmr/install/_local_setup_util_ps1.py'
[5.732s] INFO:colcon.colcon_core.shell:Creating prefix chain script '/home/joselu15/Escritorio/Uni/p1_adr_jlmr/install/setup.ps1'
[5.733s] INFO:colcon.colcon_core.shell:Creating prefix script '/home/joselu15/Escritorio/Uni/p1_adr_jlmr/install/local_setup.sh'
[5.734s] INFO:colcon.colcon_core.shell:Creating prefix util module '/home/joselu15/Escritorio/Uni/p1_adr_jlmr/install/_local_setup_util_sh.py'
[5.735s] INFO:colcon.colcon_core.shell:Creating prefix chain script '/home/joselu15/Escritorio/Uni/p1_adr_jlmr/install/setup.sh'
[5.736s] INFO:colcon.colcon_core.shell:Creating prefix script '/home/joselu15/Escritorio/Uni/p1_adr_jlmr/install/local_setup.bash'
[5.737s] INFO:colcon.colcon_core.shell:Creating prefix chain script '/home/joselu15/Escritorio/Uni/p1_adr_jlmr/install/setup.bash'
[5.738s] INFO:colcon.colcon_core.shell:Creating prefix script '/home/joselu15/Escritorio/Uni/p1_adr_jlmr/install/local_setup.zsh'
[5.738s] INFO:colcon.colcon_core.shell:Creating prefix chain script '/home/joselu15/Escritorio/Uni/p1_adr_jlmr/install/setup.zsh'
