running egg_info
writing ../build/prac1/prac1.egg-info/PKG-INFO
writing dependency_links to ../build/prac1/prac1.egg-info/dependency_links.txt
writing entry points to ../build/prac1/prac1.egg-info/entry_points.txt
writing requirements to ../build/prac1/prac1.egg-info/requires.txt
writing top-level names to ../build/prac1/prac1.egg-info/top_level.txt
reading manifest file '../build/prac1/prac1.egg-info/SOURCES.txt'
writing manifest file '../build/prac1/prac1.egg-info/SOURCES.txt'
running build
running build_py
running install
running install_lib
running install_data
running install_egg_info
removing '/home/joselu15/Escritorio/Uni/p1_adr_jlmr/install/prac1/lib/python3.10/site-packages/prac1-0.0.0-py3.10.egg-info' (and everything under it)
Copying ../build/prac1/prac1.egg-info to /home/joselu15/Escritorio/Uni/p1_adr_jlmr/install/prac1/lib/python3.10/site-packages/prac1-0.0.0-py3.10.egg-info
running install_scripts
Installing Client script to /home/joselu15/Escritorio/Uni/p1_adr_jlmr/install/prac1/lib/prac1
Installing Publisher script to /home/joselu15/Escritorio/Uni/p1_adr_jlmr/install/prac1/lib/prac1
Installing Service script to /home/joselu15/Escritorio/Uni/p1_adr_jlmr/install/prac1/lib/prac1
Installing Subscriber script to /home/joselu15/Escritorio/Uni/p1_adr_jlmr/install/prac1/lib/prac1
writing list of installed files to '/home/joselu15/Escritorio/Uni/p1_adr_jlmr/build/prac1/install.log'
