[0.550s] Invoking command in '/home/joselu15/Escritorio/Uni/p1_adr_jlmr/prac1': PYTHONPATH=/home/joselu15/Escritorio/Uni/p1_adr_jlmr/build/prac1/prefix_override:/usr/lib/python3/dist-packages/colcon_core/task/python/colcon_distutils_commands:/home/joselu15/Escritorio/Uni/p1_adr_jlmr/install/prac1/lib/python3.10/site-packages:${PYTHONPATH} /usr/bin/python3 -W ignore:setup.py install is deprecated -W ignore:easy_install command is deprecated setup.py egg_info --egg-base ../build/prac1 build --build-base /home/joselu15/Escritorio/Uni/p1_adr_jlmr/build/prac1/build install --record /home/joselu15/Escritorio/Uni/p1_adr_jlmr/build/prac1/install.log --single-version-externally-managed install_data
[0.754s] running egg_info
[0.754s] writing ../build/prac1/prac1.egg-info/PKG-INFO
[0.754s] writing dependency_links to ../build/prac1/prac1.egg-info/dependency_links.txt
[0.754s] writing entry points to ../build/prac1/prac1.egg-info/entry_points.txt
[0.754s] writing requirements to ../build/prac1/prac1.egg-info/requires.txt
[0.755s] writing top-level names to ../build/prac1/prac1.egg-info/top_level.txt
[0.756s] reading manifest file '../build/prac1/prac1.egg-info/SOURCES.txt'
[0.757s] writing manifest file '../build/prac1/prac1.egg-info/SOURCES.txt'
[0.757s] running build
[0.757s] running build_py
[0.757s] running install
[0.757s] running install_lib
[0.758s] running install_data
[0.758s] running install_egg_info
[0.760s] removing '/home/joselu15/Escritorio/Uni/p1_adr_jlmr/install/prac1/lib/python3.10/site-packages/prac1-0.0.0-py3.10.egg-info' (and everything under it)
[0.760s] Copying ../build/prac1/prac1.egg-info to /home/joselu15/Escritorio/Uni/p1_adr_jlmr/install/prac1/lib/python3.10/site-packages/prac1-0.0.0-py3.10.egg-info
[0.761s] running install_scripts
[0.779s] Installing Client script to /home/joselu15/Escritorio/Uni/p1_adr_jlmr/install/prac1/lib/prac1
[0.779s] Installing Publisher script to /home/joselu15/Escritorio/Uni/p1_adr_jlmr/install/prac1/lib/prac1
[0.779s] Installing Service script to /home/joselu15/Escritorio/Uni/p1_adr_jlmr/install/prac1/lib/prac1
[0.779s] Installing Subscriber script to /home/joselu15/Escritorio/Uni/p1_adr_jlmr/install/prac1/lib/prac1
[0.779s] writing list of installed files to '/home/joselu15/Escritorio/Uni/p1_adr_jlmr/build/prac1/install.log'
[0.798s] Invoked command in '/home/joselu15/Escritorio/Uni/p1_adr_jlmr/prac1' returned '0': PYTHONPATH=/home/joselu15/Escritorio/Uni/p1_adr_jlmr/build/prac1/prefix_override:/usr/lib/python3/dist-packages/colcon_core/task/python/colcon_distutils_commands:/home/joselu15/Escritorio/Uni/p1_adr_jlmr/install/prac1/lib/python3.10/site-packages:${PYTHONPATH} /usr/bin/python3 -W ignore:setup.py install is deprecated -W ignore:easy_install command is deprecated setup.py egg_info --egg-base ../build/prac1 build --build-base /home/joselu15/Escritorio/Uni/p1_adr_jlmr/build/prac1/build install --record /home/joselu15/Escritorio/Uni/p1_adr_jlmr/build/prac1/install.log --single-version-externally-managed install_data
