running egg_info
creating ../build/prac1/prac1.egg-info
writing ../build/prac1/prac1.egg-info/PKG-INFO
writing dependency_links to ../build/prac1/prac1.egg-info/dependency_links.txt
writing entry points to ../build/prac1/prac1.egg-info/entry_points.txt
writing requirements to ../build/prac1/prac1.egg-info/requires.txt
writing top-level names to ../build/prac1/prac1.egg-info/top_level.txt
writing manifest file '../build/prac1/prac1.egg-info/SOURCES.txt'
reading manifest file '../build/prac1/prac1.egg-info/SOURCES.txt'
writing manifest file '../build/prac1/prac1.egg-info/SOURCES.txt'
running build
running build_py
creating /home/joselu15/Escritorio/Uni/p1_adr_jlmr/build/prac1/build
creating /home/joselu15/Escritorio/Uni/p1_adr_jlmr/build/prac1/build/lib
creating /home/joselu15/Escritorio/Uni/p1_adr_jlmr/build/prac1/build/lib/prac1
copying prac1/subscriber.py -> /home/joselu15/Escritorio/Uni/p1_adr_jlmr/build/prac1/build/lib/prac1
copying prac1/service.py -> /home/joselu15/Escritorio/Uni/p1_adr_jlmr/build/prac1/build/lib/prac1
copying prac1/client.py -> /home/joselu15/Escritorio/Uni/p1_adr_jlmr/build/prac1/build/lib/prac1
copying prac1/publisher.py -> /home/joselu15/Escritorio/Uni/p1_adr_jlmr/build/prac1/build/lib/prac1
copying prac1/__init__.py -> /home/joselu15/Escritorio/Uni/p1_adr_jlmr/build/prac1/build/lib/prac1
running install
running install_lib
creating /home/joselu15/Escritorio/Uni/p1_adr_jlmr/install/prac1/lib/python3.10/site-packages/prac1
copying /home/joselu15/Escritorio/Uni/p1_adr_jlmr/build/prac1/build/lib/prac1/subscriber.py -> /home/joselu15/Escritorio/Uni/p1_adr_jlmr/install/prac1/lib/python3.10/site-packages/prac1
copying /home/joselu15/Escritorio/Uni/p1_adr_jlmr/build/prac1/build/lib/prac1/service.py -> /home/joselu15/Escritorio/Uni/p1_adr_jlmr/install/prac1/lib/python3.10/site-packages/prac1
copying /home/joselu15/Escritorio/Uni/p1_adr_jlmr/build/prac1/build/lib/prac1/client.py -> /home/joselu15/Escritorio/Uni/p1_adr_jlmr/install/prac1/lib/python3.10/site-packages/prac1
copying /home/joselu15/Escritorio/Uni/p1_adr_jlmr/build/prac1/build/lib/prac1/publisher.py -> /home/joselu15/Escritorio/Uni/p1_adr_jlmr/install/prac1/lib/python3.10/site-packages/prac1
copying /home/joselu15/Escritorio/Uni/p1_adr_jlmr/build/prac1/build/lib/prac1/__init__.py -> /home/joselu15/Escritorio/Uni/p1_adr_jlmr/install/prac1/lib/python3.10/site-packages/prac1
byte-compiling /home/joselu15/Escritorio/Uni/p1_adr_jlmr/install/prac1/lib/python3.10/site-packages/prac1/subscriber.py to subscriber.cpython-310.pyc
byte-compiling /home/joselu15/Escritorio/Uni/p1_adr_jlmr/install/prac1/lib/python3.10/site-packages/prac1/service.py to service.cpython-310.pyc
byte-compiling /home/joselu15/Escritorio/Uni/p1_adr_jlmr/install/prac1/lib/python3.10/site-packages/prac1/client.py to client.cpython-310.pyc
byte-compiling /home/joselu15/Escritorio/Uni/p1_adr_jlmr/install/prac1/lib/python3.10/site-packages/prac1/publisher.py to publisher.cpython-310.pyc
byte-compiling /home/joselu15/Escritorio/Uni/p1_adr_jlmr/install/prac1/lib/python3.10/site-packages/prac1/__init__.py to __init__.cpython-310.pyc
running install_data
creating /home/joselu15/Escritorio/Uni/p1_adr_jlmr/install/prac1/share/ament_index
creating /home/joselu15/Escritorio/Uni/p1_adr_jlmr/install/prac1/share/ament_index/resource_index
creating /home/joselu15/Escritorio/Uni/p1_adr_jlmr/install/prac1/share/ament_index/resource_index/packages
copying resource/prac1 -> /home/joselu15/Escritorio/Uni/p1_adr_jlmr/install/prac1/share/ament_index/resource_index/packages
copying package.xml -> /home/joselu15/Escritorio/Uni/p1_adr_jlmr/install/prac1/share/prac1
running install_egg_info
Copying ../build/prac1/prac1.egg-info to /home/joselu15/Escritorio/Uni/p1_adr_jlmr/install/prac1/lib/python3.10/site-packages/prac1-0.0.0-py3.10.egg-info
running install_scripts
Installing Client script to /home/joselu15/Escritorio/Uni/p1_adr_jlmr/install/prac1/lib/prac1
Installing Publisher script to /home/joselu15/Escritorio/Uni/p1_adr_jlmr/install/prac1/lib/prac1
Installing Service script to /home/joselu15/Escritorio/Uni/p1_adr_jlmr/install/prac1/lib/prac1
Installing Subscriber script to /home/joselu15/Escritorio/Uni/p1_adr_jlmr/install/prac1/lib/prac1
writing list of installed files to '/home/joselu15/Escritorio/Uni/p1_adr_jlmr/build/prac1/install.log'
