/home/joselu15/Escritorio/Uni/p1_adr_jlmr/install/prac1/lib/python3.10/site-packages/prac1/subscriber.py
/home/joselu15/Escritorio/Uni/p1_adr_jlmr/install/prac1/lib/python3.10/site-packages/prac1/service.py
/home/joselu15/Escritorio/Uni/p1_adr_jlmr/install/prac1/lib/python3.10/site-packages/prac1/client.py
/home/joselu15/Escritorio/Uni/p1_adr_jlmr/install/prac1/lib/python3.10/site-packages/prac1/publisher.py
/home/joselu15/Escritorio/Uni/p1_adr_jlmr/install/prac1/lib/python3.10/site-packages/prac1/__init__.py
/home/joselu15/Escritorio/Uni/p1_adr_jlmr/install/prac1/lib/python3.10/site-packages/prac1/__pycache__/subscriber.cpython-310.pyc
/home/joselu15/Escritorio/Uni/p1_adr_jlmr/install/prac1/lib/python3.10/site-packages/prac1/__pycache__/service.cpython-310.pyc
/home/joselu15/Escritorio/Uni/p1_adr_jlmr/install/prac1/lib/python3.10/site-packages/prac1/__pycache__/client.cpython-310.pyc
/home/joselu15/Escritorio/Uni/p1_adr_jlmr/install/prac1/lib/python3.10/site-packages/prac1/__pycache__/publisher.cpython-310.pyc
/home/joselu15/Escritorio/Uni/p1_adr_jlmr/install/prac1/lib/python3.10/site-packages/prac1/__pycache__/__init__.cpython-310.pyc
/home/joselu15/Escritorio/Uni/p1_adr_jlmr/install/prac1/share/ament_index/resource_index/packages/prac1
/home/joselu15/Escritorio/Uni/p1_adr_jlmr/install/prac1/share/prac1/package.xml
/home/joselu15/Escritorio/Uni/p1_adr_jlmr/install/prac1/lib/python3.10/site-packages/prac1-0.0.0-py3.10.egg-info/PKG-INFO
/home/joselu15/Escritorio/Uni/p1_adr_jlmr/install/prac1/lib/python3.10/site-packages/prac1-0.0.0-py3.10.egg-info/entry_points.txt
/home/joselu15/Escritorio/Uni/p1_adr_jlmr/install/prac1/lib/python3.10/site-packages/prac1-0.0.0-py3.10.egg-info/SOURCES.txt
/home/joselu15/Escritorio/Uni/p1_adr_jlmr/install/prac1/lib/python3.10/site-packages/prac1-0.0.0-py3.10.egg-info/top_level.txt
/home/joselu15/Escritorio/Uni/p1_adr_jlmr/install/prac1/lib/python3.10/site-packages/prac1-0.0.0-py3.10.egg-info/requires.txt
/home/joselu15/Escritorio/Uni/p1_adr_jlmr/install/prac1/lib/python3.10/site-packages/prac1-0.0.0-py3.10.egg-info/zip-safe
/home/joselu15/Escritorio/Uni/p1_adr_jlmr/install/prac1/lib/python3.10/site-packages/prac1-0.0.0-py3.10.egg-info/dependency_links.txt
/home/joselu15/Escritorio/Uni/p1_adr_jlmr/install/prac1/lib/prac1/Client
/home/joselu15/Escritorio/Uni/p1_adr_jlmr/install/prac1/lib/prac1/Publisher
/home/joselu15/Escritorio/Uni/p1_adr_jlmr/install/prac1/lib/prac1/Service
/home/joselu15/Escritorio/Uni/p1_adr_jlmr/install/prac1/lib/prac1/Subscriber
