[0.011s] Invoking command in '/home/joselu15/Escritorio/Uni/p1_adr_jlmr/build/interfaces': CMAKE_PREFIX_PATH=/opt/ros/humble /usr/bin/cmake /home/joselu15/Escritorio/Uni/p1_adr_jlmr/interfaces -DCMAKE_INSTALL_PREFIX=/home/joselu15/Escritorio/Uni/p1_adr_jlmr/install/interfaces
[0.416s] -- The C compiler identification is GNU 11.4.0
[0.470s] -- The CXX compiler identification is GNU 11.4.0
[0.476s] -- Detecting C compiler ABI info
[0.596s] -- Detecting C compiler ABI info - done
[0.603s] -- Check for working C compiler: /usr/bin/cc - skipped
[0.603s] -- Detecting C compile features
[0.604s] -- Detecting C compile features - done
[0.606s] -- Detecting CXX compiler ABI info
[0.677s] -- Detecting CXX compiler ABI info - done
[0.684s] -- Check for working CXX compiler: /usr/bin/c++ - skipped
[0.684s] -- Detecting CXX compile features
[0.685s] -- Detecting CXX compile features - done
[0.687s] -- Found ament_cmake: 1.3.11 (/opt/ros/humble/share/ament_cmake/cmake)
[0.831s] -- Found Python3: /usr/bin/python3 (found version "3.10.12") found components: Interpreter 
[0.941s] -- Found rosidl_default_generators: 1.2.0 (/opt/ros/humble/share/rosidl_default_generators/cmake)
[0.944s] -- Using all available rosidl_typesupport_c: rosidl_typesupport_fastrtps_c;rosidl_typesupport_introspection_c
[0.952s] -- Found rosidl_adapter: 3.1.6 (/opt/ros/humble/share/rosidl_adapter/cmake)
[0.992s] -- Using all available rosidl_typesupport_cpp: rosidl_typesupport_fastrtps_cpp;rosidl_typesupport_introspection_cpp
[1.020s] -- Found std_msgs: 4.8.0 (/opt/ros/humble/share/std_msgs/cmake)
[1.045s] -- Found ament_lint_auto: 0.12.12 (/opt/ros/humble/share/ament_lint_auto/cmake)
[1.295s] -- Found ament_cmake_ros: 0.10.0 (/opt/ros/humble/share/ament_cmake_ros/cmake)
[1.485s] -- Using all available rosidl_typesupport_c: rosidl_typesupport_fastrtps_c;rosidl_typesupport_introspection_c
[1.735s] -- Using all available rosidl_typesupport_cpp: rosidl_typesupport_fastrtps_cpp;rosidl_typesupport_introspection_cpp
[1.756s] -- Found PythonInterp: /usr/bin/python3 (found suitable version "3.10.12", minimum required is "3.6") 
[1.757s] -- Found python_cmake_module: 0.10.0 (/opt/ros/humble/share/python_cmake_module/cmake)
[1.779s] -- Found PythonLibs: /usr/lib/x86_64-linux-gnu/libpython3.10.so (found suitable version "3.10.12", minimum required is "3.5") 
[1.779s] -- Using PYTHON_EXECUTABLE: /usr/bin/python3
[1.779s] -- Using PYTHON_INCLUDE_DIRS: /usr/include/python3.10
[1.779s] -- Using PYTHON_LIBRARIES: /usr/lib/x86_64-linux-gnu/libpython3.10.so
[1.798s] -- Found PythonExtra: .so  
[1.843s] -- Added test 'lint_cmake' to check CMake code style
[1.844s] -- Added test 'xmllint' to check XML markup files
[1.848s] -- Configuring done
[1.953s] -- Generating done
[1.963s] -- Build files have been written to: /home/joselu15/Escritorio/Uni/p1_adr_jlmr/build/interfaces
[1.968s] Invoked command in '/home/joselu15/Escritorio/Uni/p1_adr_jlmr/build/interfaces' returned '0': CMAKE_PREFIX_PATH=/opt/ros/humble /usr/bin/cmake /home/joselu15/Escritorio/Uni/p1_adr_jlmr/interfaces -DCMAKE_INSTALL_PREFIX=/home/joselu15/Escritorio/Uni/p1_adr_jlmr/install/interfaces
[1.970s] Invoking command in '/home/joselu15/Escritorio/Uni/p1_adr_jlmr/build/interfaces': CMAKE_PREFIX_PATH=/opt/ros/humble /usr/bin/cmake --build /home/joselu15/Escritorio/Uni/p1_adr_jlmr/build/interfaces -- -j12 -l12
[2.004s] [  2%] [34m[1mGenerating C code for ROS interfaces[0m
[2.014s] [  5%] [34m[1mGenerating C++ code for ROS interfaces[0m
[2.021s] [  5%] Built target ament_cmake_python_copy_interfaces
[2.240s] running egg_info
[2.240s] creating interfaces.egg-info
[2.241s] writing interfaces.egg-info/PKG-INFO
[2.241s] writing dependency_links to interfaces.egg-info/dependency_links.txt
[2.241s] writing top-level names to interfaces.egg-info/top_level.txt
[2.241s] writing manifest file 'interfaces.egg-info/SOURCES.txt'
[2.243s] reading manifest file 'interfaces.egg-info/SOURCES.txt'
[2.244s] writing manifest file 'interfaces.egg-info/SOURCES.txt'
[2.267s] [  5%] Built target ament_cmake_python_build_interfaces_egg
[2.336s] [  7%] [32mBuilding C object CMakeFiles/interfaces__rosidl_generator_c.dir/rosidl_generator_c/interfaces/srv/detail/greet__functions.c.o[0m
[2.336s] [ 10%] [32mBuilding C object CMakeFiles/interfaces__rosidl_generator_c.dir/rosidl_generator_c/interfaces/srv/detail/square__functions.c.o[0m
[2.337s] [ 10%] Built target interfaces__cpp
[2.346s] [ 17%] [34m[1mGenerating C++ type support dispatch for ROS interfaces[0m
[2.346s] [ 17%] [34m[1mGenerating C++ introspection for ROS interfaces[0m
[2.346s] [ 17%] [34m[1mGenerating C++ type support for eProsima Fast-RTPS[0m
[2.472s] [ 20%] [32m[1mLinking C shared library libinterfaces__rosidl_generator_c.so[0m
[2.508s] [ 20%] Built target interfaces__rosidl_generator_c
[2.519s] [ 28%] [34m[1mGenerating C introspection for ROS interfaces[0m
[2.519s] [ 28%] [34m[1mGenerating C type support for eProsima Fast-RTPS[0m
[2.519s] [ 28%] [34m[1mGenerating C type support dispatch for ROS interfaces[0m
[2.634s] [ 30%] [32mBuilding CXX object CMakeFiles/interfaces__rosidl_typesupport_cpp.dir/rosidl_typesupport_cpp/interfaces/srv/greet__type_support.cpp.o[0m
[2.638s] [ 33%] [32mBuilding CXX object CMakeFiles/interfaces__rosidl_typesupport_cpp.dir/rosidl_typesupport_cpp/interfaces/srv/square__type_support.cpp.o[0m
[2.683s] [ 35%] [32mBuilding CXX object CMakeFiles/interfaces__rosidl_typesupport_introspection_cpp.dir/rosidl_typesupport_introspection_cpp/interfaces/srv/detail/greet__type_support.cpp.o[0m
[2.687s] [ 38%] [32mBuilding CXX object CMakeFiles/interfaces__rosidl_typesupport_introspection_cpp.dir/rosidl_typesupport_introspection_cpp/interfaces/srv/detail/square__type_support.cpp.o[0m
[2.721s] [ 41%] [32mBuilding CXX object CMakeFiles/interfaces__rosidl_typesupport_fastrtps_cpp.dir/rosidl_typesupport_fastrtps_cpp/interfaces/srv/detail/dds_fastrtps/greet__type_support.cpp.o[0m
[2.725s] [ 43%] [32mBuilding CXX object CMakeFiles/interfaces__rosidl_typesupport_fastrtps_cpp.dir/rosidl_typesupport_fastrtps_cpp/interfaces/srv/detail/dds_fastrtps/square__type_support.cpp.o[0m
[2.928s] [ 46%] [32mBuilding CXX object CMakeFiles/interfaces__rosidl_typesupport_fastrtps_c.dir/rosidl_typesupport_fastrtps_c/interfaces/srv/detail/greet__type_support_c.cpp.o[0m
[2.933s] [ 48%] [32mBuilding CXX object CMakeFiles/interfaces__rosidl_typesupport_fastrtps_c.dir/rosidl_typesupport_fastrtps_c/interfaces/srv/detail/square__type_support_c.cpp.o[0m
[2.989s] [ 53%] [32mBuilding CXX object CMakeFiles/interfaces__rosidl_typesupport_c.dir/rosidl_typesupport_c/interfaces/srv/greet__type_support.cpp.o[0m
[2.991s] [ 53%] [32mBuilding CXX object CMakeFiles/interfaces__rosidl_typesupport_c.dir/rosidl_typesupport_c/interfaces/srv/square__type_support.cpp.o[0m
[3.050s] [ 56%] [32m[1mLinking CXX shared library libinterfaces__rosidl_typesupport_c.so[0m
[3.130s] [ 56%] Built target interfaces__rosidl_typesupport_c
[3.133s] [ 58%] [32mBuilding C object CMakeFiles/interfaces__rosidl_typesupport_introspection_c.dir/rosidl_typesupport_introspection_c/interfaces/srv/detail/greet__type_support.c.o[0m
[3.136s] [ 61%] [32mBuilding C object CMakeFiles/interfaces__rosidl_typesupport_introspection_c.dir/rosidl_typesupport_introspection_c/interfaces/srv/detail/square__type_support.c.o[0m
[3.144s] [ 64%] [32m[1mLinking CXX shared library libinterfaces__rosidl_typesupport_cpp.so[0m
[3.196s] [ 66%] [32m[1mLinking C shared library libinterfaces__rosidl_typesupport_introspection_c.so[0m
[3.217s] [ 66%] Built target interfaces__rosidl_typesupport_cpp
[3.234s] [ 66%] Built target interfaces__rosidl_typesupport_introspection_c
[3.299s] [ 69%] [32m[1mLinking CXX shared library libinterfaces__rosidl_typesupport_introspection_cpp.so[0m
[3.355s] [ 71%] [32m[1mLinking CXX shared library libinterfaces__rosidl_typesupport_fastrtps_cpp.so[0m
[3.371s] [ 71%] Built target interfaces__rosidl_typesupport_introspection_cpp
[3.431s] [ 71%] Built target interfaces__rosidl_typesupport_fastrtps_cpp
[3.441s] [ 74%] [32m[1mLinking CXX shared library libinterfaces__rosidl_typesupport_fastrtps_c.so[0m
[3.506s] [ 74%] Built target interfaces__rosidl_typesupport_fastrtps_c
[3.524s] [ 74%] Built target interfaces
[3.542s] [ 76%] [34m[1mGenerating Python code for ROS interfaces[0m
[3.975s] [ 76%] Built target interfaces__py
[3.992s] [ 82%] [32mBuilding C object CMakeFiles/interfaces__rosidl_generator_py.dir/rosidl_generator_py/interfaces/srv/_greet_s.c.o[0m
[3.993s] [ 82%] [32mBuilding C object CMakeFiles/interfaces__rosidl_generator_py.dir/rosidl_generator_py/interfaces/srv/_square_s.c.o[0m
[4.090s] [ 84%] [32m[1mLinking C shared library rosidl_generator_py/interfaces/libinterfaces__rosidl_generator_py.so[0m
[4.127s] [ 84%] Built target interfaces__rosidl_generator_py
[4.146s] [ 92%] [32mBuilding C object CMakeFiles/interfaces__rosidl_typesupport_introspection_c__pyext.dir/rosidl_generator_py/interfaces/_interfaces_s.ep.rosidl_typesupport_introspection_c.c.o[0m
[4.146s] [ 92%] [32mBuilding C object CMakeFiles/interfaces__rosidl_typesupport_c__pyext.dir/rosidl_generator_py/interfaces/_interfaces_s.ep.rosidl_typesupport_c.c.o[0m
[4.146s] [ 92%] [32mBuilding C object CMakeFiles/interfaces__rosidl_typesupport_fastrtps_c__pyext.dir/rosidl_generator_py/interfaces/_interfaces_s.ep.rosidl_typesupport_fastrtps_c.c.o[0m
[4.267s] [100%] [32m[1mLinking C shared library rosidl_generator_py/interfaces/interfaces_s__rosidl_typesupport_fastrtps_c.cpython-310-x86_64-linux-gnu.so[0m
[4.267s] [100%] [32m[1mLinking C shared library rosidl_generator_py/interfaces/interfaces_s__rosidl_typesupport_c.cpython-310-x86_64-linux-gnu.so[0m
[4.267s] [100%] [32m[1mLinking C shared library rosidl_generator_py/interfaces/interfaces_s__rosidl_typesupport_introspection_c.cpython-310-x86_64-linux-gnu.so[0m
[4.303s] [100%] Built target interfaces__rosidl_typesupport_introspection_c__pyext
[4.303s] [100%] Built target interfaces__rosidl_typesupport_c__pyext
[4.303s] [100%] Built target interfaces__rosidl_typesupport_fastrtps_c__pyext
[4.313s] Invoked command in '/home/joselu15/Escritorio/Uni/p1_adr_jlmr/build/interfaces' returned '0': CMAKE_PREFIX_PATH=/opt/ros/humble /usr/bin/cmake --build /home/joselu15/Escritorio/Uni/p1_adr_jlmr/build/interfaces -- -j12 -l12
[4.321s] Invoking command in '/home/joselu15/Escritorio/Uni/p1_adr_jlmr/build/interfaces': CMAKE_PREFIX_PATH=/opt/ros/humble /usr/bin/cmake --install /home/joselu15/Escritorio/Uni/p1_adr_jlmr/build/interfaces
[4.329s] -- Install configuration: ""
[4.329s] -- Installing: /home/joselu15/Escritorio/Uni/p1_adr_jlmr/install/interfaces/share/ament_index/resource_index/rosidl_interfaces/interfaces
[4.329s] -- Installing: /home/joselu15/Escritorio/Uni/p1_adr_jlmr/install/interfaces/include/interfaces/interfaces
[4.329s] -- Installing: /home/joselu15/Escritorio/Uni/p1_adr_jlmr/install/interfaces/include/interfaces/interfaces/srv
[4.329s] -- Installing: /home/joselu15/Escritorio/Uni/p1_adr_jlmr/install/interfaces/include/interfaces/interfaces/srv/greet.h
[4.329s] -- Installing: /home/joselu15/Escritorio/Uni/p1_adr_jlmr/install/interfaces/include/interfaces/interfaces/srv/square.h
[4.329s] -- Installing: /home/joselu15/Escritorio/Uni/p1_adr_jlmr/install/interfaces/include/interfaces/interfaces/srv/detail
[4.329s] -- Installing: /home/joselu15/Escritorio/Uni/p1_adr_jlmr/install/interfaces/include/interfaces/interfaces/srv/detail/greet__functions.h
[4.329s] -- Installing: /home/joselu15/Escritorio/Uni/p1_adr_jlmr/install/interfaces/include/interfaces/interfaces/srv/detail/square__struct.h
[4.329s] -- Installing: /home/joselu15/Escritorio/Uni/p1_adr_jlmr/install/interfaces/include/interfaces/interfaces/srv/detail/square__functions.c
[4.329s] -- Installing: /home/joselu15/Escritorio/Uni/p1_adr_jlmr/install/interfaces/include/interfaces/interfaces/srv/detail/greet__struct.h
[4.330s] -- Installing: /home/joselu15/Escritorio/Uni/p1_adr_jlmr/install/interfaces/include/interfaces/interfaces/srv/detail/greet__type_support.h
[4.330s] -- Installing: /home/joselu15/Escritorio/Uni/p1_adr_jlmr/install/interfaces/include/interfaces/interfaces/srv/detail/square__functions.h
[4.330s] -- Installing: /home/joselu15/Escritorio/Uni/p1_adr_jlmr/install/interfaces/include/interfaces/interfaces/srv/detail/square__type_support.h
[4.330s] -- Installing: /home/joselu15/Escritorio/Uni/p1_adr_jlmr/install/interfaces/include/interfaces/interfaces/srv/detail/greet__functions.c
[4.330s] -- Installing: /home/joselu15/Escritorio/Uni/p1_adr_jlmr/install/interfaces/include/interfaces/interfaces/msg
[4.330s] -- Installing: /home/joselu15/Escritorio/Uni/p1_adr_jlmr/install/interfaces/include/interfaces/interfaces/msg/rosidl_generator_c__visibility_control.h
[4.330s] -- Installing: /home/joselu15/Escritorio/Uni/p1_adr_jlmr/install/interfaces/share/interfaces/environment/library_path.sh
[4.331s] -- Installing: /home/joselu15/Escritorio/Uni/p1_adr_jlmr/install/interfaces/share/interfaces/environment/library_path.dsv
[4.331s] -- Installing: /home/joselu15/Escritorio/Uni/p1_adr_jlmr/install/interfaces/lib/libinterfaces__rosidl_generator_c.so
[4.331s] -- Set runtime path of "/home/joselu15/Escritorio/Uni/p1_adr_jlmr/install/interfaces/lib/libinterfaces__rosidl_generator_c.so" to ""
[4.331s] -- Up-to-date: /home/joselu15/Escritorio/Uni/p1_adr_jlmr/install/interfaces/include/interfaces/interfaces
[4.331s] -- Up-to-date: /home/joselu15/Escritorio/Uni/p1_adr_jlmr/install/interfaces/include/interfaces/interfaces/srv
[4.331s] -- Up-to-date: /home/joselu15/Escritorio/Uni/p1_adr_jlmr/install/interfaces/include/interfaces/interfaces/srv/detail
[4.331s] -- Installing: /home/joselu15/Escritorio/Uni/p1_adr_jlmr/install/interfaces/include/interfaces/interfaces/srv/detail/greet__rosidl_typesupport_fastrtps_c.h
[4.331s] -- Installing: /home/joselu15/Escritorio/Uni/p1_adr_jlmr/install/interfaces/include/interfaces/interfaces/srv/detail/square__rosidl_typesupport_fastrtps_c.h
[4.331s] -- Up-to-date: /home/joselu15/Escritorio/Uni/p1_adr_jlmr/install/interfaces/include/interfaces/interfaces/msg
[4.331s] -- Installing: /home/joselu15/Escritorio/Uni/p1_adr_jlmr/install/interfaces/include/interfaces/interfaces/msg/rosidl_typesupport_fastrtps_c__visibility_control.h
[4.332s] -- Installing: /home/joselu15/Escritorio/Uni/p1_adr_jlmr/install/interfaces/lib/libinterfaces__rosidl_typesupport_fastrtps_c.so
[4.332s] -- Set runtime path of "/home/joselu15/Escritorio/Uni/p1_adr_jlmr/install/interfaces/lib/libinterfaces__rosidl_typesupport_fastrtps_c.so" to ""
[4.332s] -- Up-to-date: /home/joselu15/Escritorio/Uni/p1_adr_jlmr/install/interfaces/include/interfaces/interfaces
[4.332s] -- Up-to-date: /home/joselu15/Escritorio/Uni/p1_adr_jlmr/install/interfaces/include/interfaces/interfaces/srv
[4.332s] -- Up-to-date: /home/joselu15/Escritorio/Uni/p1_adr_jlmr/install/interfaces/include/interfaces/interfaces/srv/detail
[4.332s] -- Installing: /home/joselu15/Escritorio/Uni/p1_adr_jlmr/install/interfaces/include/interfaces/interfaces/srv/detail/greet__rosidl_typesupport_introspection_c.h
[4.332s] -- Installing: /home/joselu15/Escritorio/Uni/p1_adr_jlmr/install/interfaces/include/interfaces/interfaces/srv/detail/greet__type_support.c
[4.332s] -- Installing: /home/joselu15/Escritorio/Uni/p1_adr_jlmr/install/interfaces/include/interfaces/interfaces/srv/detail/square__rosidl_typesupport_introspection_c.h
[4.333s] -- Installing: /home/joselu15/Escritorio/Uni/p1_adr_jlmr/install/interfaces/include/interfaces/interfaces/srv/detail/square__type_support.c
[4.333s] -- Up-to-date: /home/joselu15/Escritorio/Uni/p1_adr_jlmr/install/interfaces/include/interfaces/interfaces/msg
[4.333s] -- Installing: /home/joselu15/Escritorio/Uni/p1_adr_jlmr/install/interfaces/include/interfaces/interfaces/msg/rosidl_typesupport_introspection_c__visibility_control.h
[4.333s] -- Installing: /home/joselu15/Escritorio/Uni/p1_adr_jlmr/install/interfaces/lib/libinterfaces__rosidl_typesupport_introspection_c.so
[4.333s] -- Set runtime path of "/home/joselu15/Escritorio/Uni/p1_adr_jlmr/install/interfaces/lib/libinterfaces__rosidl_typesupport_introspection_c.so" to ""
[4.333s] -- Installing: /home/joselu15/Escritorio/Uni/p1_adr_jlmr/install/interfaces/lib/libinterfaces__rosidl_typesupport_c.so
[4.334s] -- Set runtime path of "/home/joselu15/Escritorio/Uni/p1_adr_jlmr/install/interfaces/lib/libinterfaces__rosidl_typesupport_c.so" to ""
[4.334s] -- Up-to-date: /home/joselu15/Escritorio/Uni/p1_adr_jlmr/install/interfaces/include/interfaces/interfaces
[4.334s] -- Up-to-date: /home/joselu15/Escritorio/Uni/p1_adr_jlmr/install/interfaces/include/interfaces/interfaces/srv
[4.334s] -- Installing: /home/joselu15/Escritorio/Uni/p1_adr_jlmr/install/interfaces/include/interfaces/interfaces/srv/greet.hpp
[4.334s] -- Installing: /home/joselu15/Escritorio/Uni/p1_adr_jlmr/install/interfaces/include/interfaces/interfaces/srv/square.hpp
[4.334s] -- Up-to-date: /home/joselu15/Escritorio/Uni/p1_adr_jlmr/install/interfaces/include/interfaces/interfaces/srv/detail
[4.334s] -- Installing: /home/joselu15/Escritorio/Uni/p1_adr_jlmr/install/interfaces/include/interfaces/interfaces/srv/detail/square__type_support.hpp
[4.334s] -- Installing: /home/joselu15/Escritorio/Uni/p1_adr_jlmr/install/interfaces/include/interfaces/interfaces/srv/detail/square__traits.hpp
[4.334s] -- Installing: /home/joselu15/Escritorio/Uni/p1_adr_jlmr/install/interfaces/include/interfaces/interfaces/srv/detail/square__builder.hpp
[4.334s] -- Installing: /home/joselu15/Escritorio/Uni/p1_adr_jlmr/install/interfaces/include/interfaces/interfaces/srv/detail/greet__traits.hpp
[4.334s] -- Installing: /home/joselu15/Escritorio/Uni/p1_adr_jlmr/install/interfaces/include/interfaces/interfaces/srv/detail/greet__builder.hpp
[4.335s] -- Installing: /home/joselu15/Escritorio/Uni/p1_adr_jlmr/install/interfaces/include/interfaces/interfaces/srv/detail/square__struct.hpp
[4.335s] -- Installing: /home/joselu15/Escritorio/Uni/p1_adr_jlmr/install/interfaces/include/interfaces/interfaces/srv/detail/greet__type_support.hpp
[4.335s] -- Installing: /home/joselu15/Escritorio/Uni/p1_adr_jlmr/install/interfaces/include/interfaces/interfaces/srv/detail/greet__struct.hpp
[4.335s] -- Up-to-date: /home/joselu15/Escritorio/Uni/p1_adr_jlmr/install/interfaces/include/interfaces/interfaces/msg
[4.335s] -- Installing: /home/joselu15/Escritorio/Uni/p1_adr_jlmr/install/interfaces/include/interfaces/interfaces/msg/rosidl_generator_cpp__visibility_control.hpp
[4.335s] -- Up-to-date: /home/joselu15/Escritorio/Uni/p1_adr_jlmr/install/interfaces/include/interfaces/interfaces
[4.335s] -- Up-to-date: /home/joselu15/Escritorio/Uni/p1_adr_jlmr/install/interfaces/include/interfaces/interfaces/srv
[4.335s] -- Up-to-date: /home/joselu15/Escritorio/Uni/p1_adr_jlmr/install/interfaces/include/interfaces/interfaces/srv/detail
[4.335s] -- Installing: /home/joselu15/Escritorio/Uni/p1_adr_jlmr/install/interfaces/include/interfaces/interfaces/srv/detail/dds_fastrtps
[4.335s] -- Installing: /home/joselu15/Escritorio/Uni/p1_adr_jlmr/install/interfaces/include/interfaces/interfaces/srv/detail/greet__rosidl_typesupport_fastrtps_cpp.hpp
[4.335s] -- Installing: /home/joselu15/Escritorio/Uni/p1_adr_jlmr/install/interfaces/include/interfaces/interfaces/srv/detail/square__rosidl_typesupport_fastrtps_cpp.hpp
[4.335s] -- Up-to-date: /home/joselu15/Escritorio/Uni/p1_adr_jlmr/install/interfaces/include/interfaces/interfaces/msg
[4.335s] -- Installing: /home/joselu15/Escritorio/Uni/p1_adr_jlmr/install/interfaces/include/interfaces/interfaces/msg/rosidl_typesupport_fastrtps_cpp__visibility_control.h
[4.335s] -- Installing: /home/joselu15/Escritorio/Uni/p1_adr_jlmr/install/interfaces/lib/libinterfaces__rosidl_typesupport_fastrtps_cpp.so
[4.336s] -- Set runtime path of "/home/joselu15/Escritorio/Uni/p1_adr_jlmr/install/interfaces/lib/libinterfaces__rosidl_typesupport_fastrtps_cpp.so" to ""
[4.336s] -- Up-to-date: /home/joselu15/Escritorio/Uni/p1_adr_jlmr/install/interfaces/include/interfaces/interfaces
[4.336s] -- Up-to-date: /home/joselu15/Escritorio/Uni/p1_adr_jlmr/install/interfaces/include/interfaces/interfaces/srv
[4.336s] -- Up-to-date: /home/joselu15/Escritorio/Uni/p1_adr_jlmr/install/interfaces/include/interfaces/interfaces/srv/detail
[4.336s] -- Installing: /home/joselu15/Escritorio/Uni/p1_adr_jlmr/install/interfaces/include/interfaces/interfaces/srv/detail/square__rosidl_typesupport_introspection_cpp.hpp
[4.336s] -- Installing: /home/joselu15/Escritorio/Uni/p1_adr_jlmr/install/interfaces/include/interfaces/interfaces/srv/detail/square__type_support.cpp
[4.336s] -- Installing: /home/joselu15/Escritorio/Uni/p1_adr_jlmr/install/interfaces/include/interfaces/interfaces/srv/detail/greet__type_support.cpp
[4.336s] -- Installing: /home/joselu15/Escritorio/Uni/p1_adr_jlmr/install/interfaces/include/interfaces/interfaces/srv/detail/greet__rosidl_typesupport_introspection_cpp.hpp
[4.336s] -- Installing: /home/joselu15/Escritorio/Uni/p1_adr_jlmr/install/interfaces/lib/libinterfaces__rosidl_typesupport_introspection_cpp.so
[4.337s] -- Set runtime path of "/home/joselu15/Escritorio/Uni/p1_adr_jlmr/install/interfaces/lib/libinterfaces__rosidl_typesupport_introspection_cpp.so" to ""
[4.337s] -- Installing: /home/joselu15/Escritorio/Uni/p1_adr_jlmr/install/interfaces/lib/libinterfaces__rosidl_typesupport_cpp.so
[4.337s] -- Set runtime path of "/home/joselu15/Escritorio/Uni/p1_adr_jlmr/install/interfaces/lib/libinterfaces__rosidl_typesupport_cpp.so" to ""
[4.338s] -- Installing: /home/joselu15/Escritorio/Uni/p1_adr_jlmr/install/interfaces/share/interfaces/environment/pythonpath.sh
[4.338s] -- Installing: /home/joselu15/Escritorio/Uni/p1_adr_jlmr/install/interfaces/share/interfaces/environment/pythonpath.dsv
[4.338s] -- Installing: /home/joselu15/Escritorio/Uni/p1_adr_jlmr/install/interfaces/local/lib/python3.10/dist-packages/interfaces-0.0.0-py3.10.egg-info
[4.338s] -- Installing: /home/joselu15/Escritorio/Uni/p1_adr_jlmr/install/interfaces/local/lib/python3.10/dist-packages/interfaces-0.0.0-py3.10.egg-info/PKG-INFO
[4.338s] -- Installing: /home/joselu15/Escritorio/Uni/p1_adr_jlmr/install/interfaces/local/lib/python3.10/dist-packages/interfaces-0.0.0-py3.10.egg-info/SOURCES.txt
[4.338s] -- Installing: /home/joselu15/Escritorio/Uni/p1_adr_jlmr/install/interfaces/local/lib/python3.10/dist-packages/interfaces-0.0.0-py3.10.egg-info/top_level.txt
[4.338s] -- Installing: /home/joselu15/Escritorio/Uni/p1_adr_jlmr/install/interfaces/local/lib/python3.10/dist-packages/interfaces-0.0.0-py3.10.egg-info/dependency_links.txt
[4.338s] -- Installing: /home/joselu15/Escritorio/Uni/p1_adr_jlmr/install/interfaces/local/lib/python3.10/dist-packages/interfaces
[4.338s] -- Installing: /home/joselu15/Escritorio/Uni/p1_adr_jlmr/install/interfaces/local/lib/python3.10/dist-packages/interfaces/_interfaces_s.ep.rosidl_typesupport_c.c
[4.339s] -- Installing: /home/joselu15/Escritorio/Uni/p1_adr_jlmr/install/interfaces/local/lib/python3.10/dist-packages/interfaces/interfaces_s__rosidl_typesupport_fastrtps_c.cpython-310-x86_64-linux-gnu.so
[4.339s] -- Installing: /home/joselu15/Escritorio/Uni/p1_adr_jlmr/install/interfaces/local/lib/python3.10/dist-packages/interfaces/srv
[4.339s] -- Installing: /home/joselu15/Escritorio/Uni/p1_adr_jlmr/install/interfaces/local/lib/python3.10/dist-packages/interfaces/srv/_greet.py
[4.339s] -- Installing: /home/joselu15/Escritorio/Uni/p1_adr_jlmr/install/interfaces/local/lib/python3.10/dist-packages/interfaces/srv/_square.py
[4.339s] -- Installing: /home/joselu15/Escritorio/Uni/p1_adr_jlmr/install/interfaces/local/lib/python3.10/dist-packages/interfaces/srv/_square_s.c
[4.339s] -- Installing: /home/joselu15/Escritorio/Uni/p1_adr_jlmr/install/interfaces/local/lib/python3.10/dist-packages/interfaces/srv/__init__.py
[4.339s] -- Installing: /home/joselu15/Escritorio/Uni/p1_adr_jlmr/install/interfaces/local/lib/python3.10/dist-packages/interfaces/srv/_greet_s.c
[4.339s] -- Installing: /home/joselu15/Escritorio/Uni/p1_adr_jlmr/install/interfaces/local/lib/python3.10/dist-packages/interfaces/_interfaces_s.ep.rosidl_typesupport_introspection_c.c
[4.339s] -- Installing: /home/joselu15/Escritorio/Uni/p1_adr_jlmr/install/interfaces/local/lib/python3.10/dist-packages/interfaces/libinterfaces__rosidl_generator_py.so
[4.339s] -- Installing: /home/joselu15/Escritorio/Uni/p1_adr_jlmr/install/interfaces/local/lib/python3.10/dist-packages/interfaces/interfaces_s__rosidl_typesupport_introspection_c.cpython-310-x86_64-linux-gnu.so
[4.340s] -- Installing: /home/joselu15/Escritorio/Uni/p1_adr_jlmr/install/interfaces/local/lib/python3.10/dist-packages/interfaces/_interfaces_s.ep.rosidl_typesupport_fastrtps_c.c
[4.340s] -- Installing: /home/joselu15/Escritorio/Uni/p1_adr_jlmr/install/interfaces/local/lib/python3.10/dist-packages/interfaces/__init__.py
[4.340s] -- Installing: /home/joselu15/Escritorio/Uni/p1_adr_jlmr/install/interfaces/local/lib/python3.10/dist-packages/interfaces/interfaces_s__rosidl_typesupport_c.cpython-310-x86_64-linux-gnu.so
[4.371s] Listing '/home/joselu15/Escritorio/Uni/p1_adr_jlmr/install/interfaces/local/lib/python3.10/dist-packages/interfaces'...
[4.371s] Compiling '/home/joselu15/Escritorio/Uni/p1_adr_jlmr/install/interfaces/local/lib/python3.10/dist-packages/interfaces/__init__.py'...
[4.371s] Listing '/home/joselu15/Escritorio/Uni/p1_adr_jlmr/install/interfaces/local/lib/python3.10/dist-packages/interfaces/srv'...
[4.372s] Compiling '/home/joselu15/Escritorio/Uni/p1_adr_jlmr/install/interfaces/local/lib/python3.10/dist-packages/interfaces/srv/__init__.py'...
[4.372s] Compiling '/home/joselu15/Escritorio/Uni/p1_adr_jlmr/install/interfaces/local/lib/python3.10/dist-packages/interfaces/srv/_greet.py'...
[4.372s] Compiling '/home/joselu15/Escritorio/Uni/p1_adr_jlmr/install/interfaces/local/lib/python3.10/dist-packages/interfaces/srv/_square.py'...
[4.375s] -- Installing: /home/joselu15/Escritorio/Uni/p1_adr_jlmr/install/interfaces/local/lib/python3.10/dist-packages/interfaces/interfaces_s__rosidl_typesupport_fastrtps_c.cpython-310-x86_64-linux-gnu.so
[4.376s] -- Set runtime path of "/home/joselu15/Escritorio/Uni/p1_adr_jlmr/install/interfaces/local/lib/python3.10/dist-packages/interfaces/interfaces_s__rosidl_typesupport_fastrtps_c.cpython-310-x86_64-linux-gnu.so" to ""
[4.376s] -- Installing: /home/joselu15/Escritorio/Uni/p1_adr_jlmr/install/interfaces/local/lib/python3.10/dist-packages/interfaces/interfaces_s__rosidl_typesupport_introspection_c.cpython-310-x86_64-linux-gnu.so
[4.376s] -- Set runtime path of "/home/joselu15/Escritorio/Uni/p1_adr_jlmr/install/interfaces/local/lib/python3.10/dist-packages/interfaces/interfaces_s__rosidl_typesupport_introspection_c.cpython-310-x86_64-linux-gnu.so" to ""
[4.377s] -- Installing: /home/joselu15/Escritorio/Uni/p1_adr_jlmr/install/interfaces/local/lib/python3.10/dist-packages/interfaces/interfaces_s__rosidl_typesupport_c.cpython-310-x86_64-linux-gnu.so
[4.377s] -- Set runtime path of "/home/joselu15/Escritorio/Uni/p1_adr_jlmr/install/interfaces/local/lib/python3.10/dist-packages/interfaces/interfaces_s__rosidl_typesupport_c.cpython-310-x86_64-linux-gnu.so" to ""
[4.377s] -- Installing: /home/joselu15/Escritorio/Uni/p1_adr_jlmr/install/interfaces/lib/libinterfaces__rosidl_generator_py.so
[4.377s] -- Set runtime path of "/home/joselu15/Escritorio/Uni/p1_adr_jlmr/install/interfaces/lib/libinterfaces__rosidl_generator_py.so" to ""
[4.378s] -- Installing: /home/joselu15/Escritorio/Uni/p1_adr_jlmr/install/interfaces/share/interfaces/srv/Greet.idl
[4.378s] -- Installing: /home/joselu15/Escritorio/Uni/p1_adr_jlmr/install/interfaces/share/interfaces/srv/Square.idl
[4.378s] -- Installing: /home/joselu15/Escritorio/Uni/p1_adr_jlmr/install/interfaces/share/interfaces/srv/Greet.srv
[4.378s] -- Installing: /home/joselu15/Escritorio/Uni/p1_adr_jlmr/install/interfaces/share/interfaces/srv/Greet_Request.msg
[4.378s] -- Installing: /home/joselu15/Escritorio/Uni/p1_adr_jlmr/install/interfaces/share/interfaces/srv/Greet_Response.msg
[4.378s] -- Installing: /home/joselu15/Escritorio/Uni/p1_adr_jlmr/install/interfaces/share/interfaces/srv/Square.srv
[4.378s] -- Installing: /home/joselu15/Escritorio/Uni/p1_adr_jlmr/install/interfaces/share/interfaces/srv/Square_Request.msg
[4.378s] -- Installing: /home/joselu15/Escritorio/Uni/p1_adr_jlmr/install/interfaces/share/interfaces/srv/Square_Response.msg
[4.378s] -- Installing: /home/joselu15/Escritorio/Uni/p1_adr_jlmr/install/interfaces/share/ament_index/resource_index/package_run_dependencies/interfaces
[4.379s] -- Installing: /home/joselu15/Escritorio/Uni/p1_adr_jlmr/install/interfaces/share/ament_index/resource_index/parent_prefix_path/interfaces
[4.379s] -- Installing: /home/joselu15/Escritorio/Uni/p1_adr_jlmr/install/interfaces/share/interfaces/environment/ament_prefix_path.sh
[4.379s] -- Installing: /home/joselu15/Escritorio/Uni/p1_adr_jlmr/install/interfaces/share/interfaces/environment/ament_prefix_path.dsv
[4.379s] -- Installing: /home/joselu15/Escritorio/Uni/p1_adr_jlmr/install/interfaces/share/interfaces/environment/path.sh
[4.379s] -- Installing: /home/joselu15/Escritorio/Uni/p1_adr_jlmr/install/interfaces/share/interfaces/environment/path.dsv
[4.379s] -- Installing: /home/joselu15/Escritorio/Uni/p1_adr_jlmr/install/interfaces/share/interfaces/local_setup.bash
[4.379s] -- Installing: /home/joselu15/Escritorio/Uni/p1_adr_jlmr/install/interfaces/share/interfaces/local_setup.sh
[4.379s] -- Installing: /home/joselu15/Escritorio/Uni/p1_adr_jlmr/install/interfaces/share/interfaces/local_setup.zsh
[4.380s] -- Installing: /home/joselu15/Escritorio/Uni/p1_adr_jlmr/install/interfaces/share/interfaces/local_setup.dsv
[4.380s] -- Installing: /home/joselu15/Escritorio/Uni/p1_adr_jlmr/install/interfaces/share/interfaces/package.dsv
[4.380s] -- Installing: /home/joselu15/Escritorio/Uni/p1_adr_jlmr/install/interfaces/share/ament_index/resource_index/packages/interfaces
[4.380s] -- Installing: /home/joselu15/Escritorio/Uni/p1_adr_jlmr/install/interfaces/share/interfaces/cmake/export_interfaces__rosidl_generator_cExport.cmake
[4.380s] -- Installing: /home/joselu15/Escritorio/Uni/p1_adr_jlmr/install/interfaces/share/interfaces/cmake/export_interfaces__rosidl_generator_cExport-noconfig.cmake
[4.380s] -- Installing: /home/joselu15/Escritorio/Uni/p1_adr_jlmr/install/interfaces/share/interfaces/cmake/export_interfaces__rosidl_typesupport_fastrtps_cExport.cmake
[4.380s] -- Installing: /home/joselu15/Escritorio/Uni/p1_adr_jlmr/install/interfaces/share/interfaces/cmake/export_interfaces__rosidl_typesupport_fastrtps_cExport-noconfig.cmake
[4.381s] -- Installing: /home/joselu15/Escritorio/Uni/p1_adr_jlmr/install/interfaces/share/interfaces/cmake/interfaces__rosidl_typesupport_introspection_cExport.cmake
[4.381s] -- Installing: /home/joselu15/Escritorio/Uni/p1_adr_jlmr/install/interfaces/share/interfaces/cmake/interfaces__rosidl_typesupport_introspection_cExport-noconfig.cmake
[4.381s] -- Installing: /home/joselu15/Escritorio/Uni/p1_adr_jlmr/install/interfaces/share/interfaces/cmake/interfaces__rosidl_typesupport_cExport.cmake
[4.381s] -- Installing: /home/joselu15/Escritorio/Uni/p1_adr_jlmr/install/interfaces/share/interfaces/cmake/interfaces__rosidl_typesupport_cExport-noconfig.cmake
[4.381s] -- Installing: /home/joselu15/Escritorio/Uni/p1_adr_jlmr/install/interfaces/share/interfaces/cmake/export_interfaces__rosidl_generator_cppExport.cmake
[4.381s] -- Installing: /home/joselu15/Escritorio/Uni/p1_adr_jlmr/install/interfaces/share/interfaces/cmake/export_interfaces__rosidl_typesupport_fastrtps_cppExport.cmake
[4.381s] -- Installing: /home/joselu15/Escritorio/Uni/p1_adr_jlmr/install/interfaces/share/interfaces/cmake/export_interfaces__rosidl_typesupport_fastrtps_cppExport-noconfig.cmake
[4.381s] -- Installing: /home/joselu15/Escritorio/Uni/p1_adr_jlmr/install/interfaces/share/interfaces/cmake/interfaces__rosidl_typesupport_introspection_cppExport.cmake
[4.382s] -- Installing: /home/joselu15/Escritorio/Uni/p1_adr_jlmr/install/interfaces/share/interfaces/cmake/interfaces__rosidl_typesupport_introspection_cppExport-noconfig.cmake
[4.382s] -- Installing: /home/joselu15/Escritorio/Uni/p1_adr_jlmr/install/interfaces/share/interfaces/cmake/interfaces__rosidl_typesupport_cppExport.cmake
[4.382s] -- Installing: /home/joselu15/Escritorio/Uni/p1_adr_jlmr/install/interfaces/share/interfaces/cmake/interfaces__rosidl_typesupport_cppExport-noconfig.cmake
[4.382s] -- Installing: /home/joselu15/Escritorio/Uni/p1_adr_jlmr/install/interfaces/share/interfaces/cmake/export_interfaces__rosidl_generator_pyExport.cmake
[4.382s] -- Installing: /home/joselu15/Escritorio/Uni/p1_adr_jlmr/install/interfaces/share/interfaces/cmake/export_interfaces__rosidl_generator_pyExport-noconfig.cmake
[4.382s] -- Installing: /home/joselu15/Escritorio/Uni/p1_adr_jlmr/install/interfaces/share/interfaces/cmake/rosidl_cmake-extras.cmake
[4.383s] -- Installing: /home/joselu15/Escritorio/Uni/p1_adr_jlmr/install/interfaces/share/interfaces/cmake/ament_cmake_export_dependencies-extras.cmake
[4.383s] -- Installing: /home/joselu15/Escritorio/Uni/p1_adr_jlmr/install/interfaces/share/interfaces/cmake/ament_cmake_export_include_directories-extras.cmake
[4.383s] -- Installing: /home/joselu15/Escritorio/Uni/p1_adr_jlmr/install/interfaces/share/interfaces/cmake/ament_cmake_export_libraries-extras.cmake
[4.383s] -- Installing: /home/joselu15/Escritorio/Uni/p1_adr_jlmr/install/interfaces/share/interfaces/cmake/ament_cmake_export_targets-extras.cmake
[4.383s] -- Installing: /home/joselu15/Escritorio/Uni/p1_adr_jlmr/install/interfaces/share/interfaces/cmake/rosidl_cmake_export_typesupport_targets-extras.cmake
[4.383s] -- Installing: /home/joselu15/Escritorio/Uni/p1_adr_jlmr/install/interfaces/share/interfaces/cmake/rosidl_cmake_export_typesupport_libraries-extras.cmake
[4.383s] -- Installing: /home/joselu15/Escritorio/Uni/p1_adr_jlmr/install/interfaces/share/interfaces/cmake/interfacesConfig.cmake
[4.383s] -- Installing: /home/joselu15/Escritorio/Uni/p1_adr_jlmr/install/interfaces/share/interfaces/cmake/interfacesConfig-version.cmake
[4.383s] -- Installing: /home/joselu15/Escritorio/Uni/p1_adr_jlmr/install/interfaces/share/interfaces/package.xml
[4.386s] Invoked command in '/home/joselu15/Escritorio/Uni/p1_adr_jlmr/build/interfaces' returned '0': CMAKE_PREFIX_PATH=/opt/ros/humble /usr/bin/cmake --install /home/joselu15/Escritorio/Uni/p1_adr_jlmr/build/interfaces
